C:\USERS\GY\DESKTOP\UPPERLEVELSOFT\CORRECTPOSITION\DEBUG\256DIB.OBJ
C:\USERS\GY\DESKTOP\UPPERLEVELSOFT\CORRECTPOSITION\DEBUG\CAMERACORRECT.EXE.EMBED.MANIFEST
C:\USERS\GY\DESKTOP\UPPERLEVELSOFT\CORRECTPOSITION\DEBUG\CAMERACORRECT.EXE.EMBED.MANIFEST.RES
C:\USERS\GY\DESKTOP\UPPERLEVELSOFT\CORRECTPOSITION\DEBUG\CAMERACORRECT.EXE.INTERMEDIATE.MANIFEST
C:\USERS\GY\DESKTOP\UPPERLEVELSOFT\CORRECTPOSITION\DEBUG\CAMERACORRECT.OBJ
C:\USERS\GY\DESKTOP\UPPERLEVELSOFT\CORRECTPOSITION\DEBUG\CAMERACORRECT.PCH
C:\USERS\GY\DESKTOP\UPPERLEVELSOFT\CORRECTPOSITION\DEBUG\CAMERACORRECTDLG.OBJ
C:\USERS\GY\DESKTOP\UPPERLEVELSOFT\CORRECTPOSITION\DEBUG\CORRECTPOSITION.RES
C:\USERS\GY\DESKTOP\UPPERLEVELSOFT\CORRECTPOSITION\DEBUG\DIB.OBJ
C:\USERS\GY\DESKTOP\UPPERLEVELSOFT\CORRECTPOSITION\DEBUG\LOG.OBJ
C:\USERS\GY\DESKTOP\UPPERLEVELSOFT\CORRECTPOSITION\DEBUG\MYDIB.OBJ
C:\USERS\GY\DESKTOP\UPPERLEVELSOFT\CORRECTPOSITION\DEBUG\PROTIME.OBJ
C:\USERS\GY\DESKTOP\UPPERLEVELSOFT\CORRECTPOSITION\DEBUG\PTCAMERAUSING.OBJ
C:\USERS\GY\DESKTOP\UPPERLEVELSOFT\CORRECTPOSITION\DEBUG\ROADLINEDETECT.OBJ
C:\USERS\GY\DESKTOP\UPPERLEVELSOFT\CORRECTPOSITION\DEBUG\ROADRECONHALCONWITHPTGREY.OBJ
C:\USERS\GY\DESKTOP\UPPERLEVELSOFT\CORRECTPOSITION\DEBUG\STDAFX.OBJ
C:\USERS\GY\DESKTOP\UPPERLEVELSOFT\CORRECTPOSITION\DEBUG\SVPTGRAB2.OBJ
C:\USERS\GY\DESKTOP\UPPERLEVELSOFT\CORRECTPOSITION\DEBUG\VC100.PDB
C:\USERS\GY\DESKTOP\UPPERLEVELSOFT\DEBUG\CAMERACORRECT.EXE
C:\USERS\GY\DESKTOP\UPPERLEVELSOFT\DEBUG\CAMERACORRECT.ILK
C:\USERS\GY\DESKTOP\UPPERLEVELSOFT\DEBUG\CAMERACORRECT.PDB
G:\MYPORJECT\UPPERLEVELSOFT\CORRECTPOSITION\DEBUG\256DIB.OBJ
G:\MyPorject\UpperLevelSoft\CorrectPosition\Debug\CameraCorrect.exe.embed.manifest
G:\MYPORJECT\UPPERLEVELSOFT\CORRECTPOSITION\DEBUG\CAMERACORRECT.EXE.EMBED.MANIFEST.RES
G:\MYPORJECT\UPPERLEVELSOFT\CORRECTPOSITION\DEBUG\CAMERACORRECT.EXE.INTERMEDIATE.MANIFEST
G:\MYPORJECT\UPPERLEVELSOFT\CORRECTPOSITION\DEBUG\CAMERACORRECT.OBJ
G:\MYPORJECT\UPPERLEVELSOFT\CORRECTPOSITION\DEBUG\CAMERACORRECT.PCH
G:\MyPorject\UpperLevelSoft\CorrectPosition\Debug\CameraCorrect.write.1.tlog
G:\MyPorject\UpperLevelSoft\CorrectPosition\Debug\CameraCorrect_manifest.rc
G:\MYPORJECT\UPPERLEVELSOFT\CORRECTPOSITION\DEBUG\CAMERACORRECTDLG.OBJ
G:\MyPorject\UpperLevelSoft\CorrectPosition\Debug\cl.command.1.tlog
G:\MyPorject\UpperLevelSoft\CorrectPosition\Debug\CL.read.1.tlog
G:\MyPorject\UpperLevelSoft\CorrectPosition\Debug\CL.write.1.tlog
G:\MYPORJECT\UPPERLEVELSOFT\CORRECTPOSITION\DEBUG\CORRECTPOSITION.RES
G:\MyPorject\UpperLevelSoft\CorrectPosition\Debug\CorrectPosition.vcxprojResolveAssemblyReference.cache
G:\MYPORJECT\UPPERLEVELSOFT\CORRECTPOSITION\DEBUG\DIB.OBJ
G:\MyPorject\UpperLevelSoft\CorrectPosition\Debug\link.command.1.tlog
G:\MyPorject\UpperLevelSoft\CorrectPosition\Debug\link.read.1.tlog
G:\MyPorject\UpperLevelSoft\CorrectPosition\Debug\link.write.1.tlog
G:\MyPorject\UpperLevelSoft\CorrectPosition\Debug\link-cvtres.read.1.tlog
G:\MyPorject\UpperLevelSoft\CorrectPosition\Debug\link-cvtres.write.1.tlog
G:\MYPORJECT\UPPERLEVELSOFT\CORRECTPOSITION\DEBUG\LOG.OBJ
G:\MyPorject\UpperLevelSoft\CorrectPosition\Debug\mt.command.1.tlog
G:\MyPorject\UpperLevelSoft\CorrectPosition\Debug\mt.read.1.tlog
G:\MyPorject\UpperLevelSoft\CorrectPosition\Debug\mt.write.1.tlog
G:\MYPORJECT\UPPERLEVELSOFT\CORRECTPOSITION\DEBUG\MYDIB.OBJ
G:\MYPORJECT\UPPERLEVELSOFT\CORRECTPOSITION\DEBUG\PROTIME.OBJ
G:\MYPORJECT\UPPERLEVELSOFT\CORRECTPOSITION\DEBUG\PTCAMERAUSING.OBJ
G:\MyPorject\UpperLevelSoft\CorrectPosition\Debug\rc.command.1.tlog
G:\MyPorject\UpperLevelSoft\CorrectPosition\Debug\rc.read.1.tlog
G:\MyPorject\UpperLevelSoft\CorrectPosition\Debug\rc.write.1.tlog
G:\MYPORJECT\UPPERLEVELSOFT\CORRECTPOSITION\DEBUG\ROADLINEDETECT.OBJ
G:\MYPORJECT\UPPERLEVELSOFT\CORRECTPOSITION\DEBUG\ROADRECONHALCONWITHPTGREY.OBJ
G:\MYPORJECT\UPPERLEVELSOFT\CORRECTPOSITION\DEBUG\STDAFX.OBJ
G:\MYPORJECT\UPPERLEVELSOFT\CORRECTPOSITION\DEBUG\SVPTGRAB2.OBJ
G:\MyPorject\UpperLevelSoft\CorrectPosition\Debug\vc100.idb
G:\MYPORJECT\UPPERLEVELSOFT\CORRECTPOSITION\DEBUG\VC100.PDB
G:\MYPORJECT\UPPERLEVELSOFT\DEBUG\CAMERACORRECT.EXE
G:\MYPORJECT\UPPERLEVELSOFT\DEBUG\CAMERACORRECT.ILK
G:\MYPORJECT\UPPERLEVELSOFT\DEBUG\CAMERACORRECT.PDB
G:\我的项目\UPPERLEVELSOFT\CORRECTPOSITION\DEBUG\256DIB.OBJ
G:\我的项目\UPPERLEVELSOFT\CORRECTPOSITION\DEBUG\CAMERACORRECT.EXE.EMBED.MANIFEST.RES
G:\我的项目\UPPERLEVELSOFT\CORRECTPOSITION\DEBUG\CAMERACORRECT.EXE.INTERMEDIATE.MANIFEST
G:\我的项目\UPPERLEVELSOFT\CORRECTPOSITION\DEBUG\CAMERACORRECT.OBJ
G:\我的项目\UPPERLEVELSOFT\CORRECTPOSITION\DEBUG\CAMERACORRECT.PCH
G:\我的项目\UPPERLEVELSOFT\CORRECTPOSITION\DEBUG\CAMERACORRECTDLG.OBJ
G:\我的项目\UPPERLEVELSOFT\CORRECTPOSITION\DEBUG\CORRECTPOSITION.RES
G:\我的项目\UPPERLEVELSOFT\CORRECTPOSITION\DEBUG\DIB.OBJ
G:\我的项目\UPPERLEVELSOFT\CORRECTPOSITION\DEBUG\LOG.OBJ
G:\我的项目\UPPERLEVELSOFT\CORRECTPOSITION\DEBUG\MYDIB.OBJ
G:\我的项目\UPPERLEVELSOFT\CORRECTPOSITION\DEBUG\PROTIME.OBJ
G:\我的项目\UPPERLEVELSOFT\CORRECTPOSITION\DEBUG\PTCAMERAUSING.OBJ
G:\我的项目\UPPERLEVELSOFT\CORRECTPOSITION\DEBUG\ROADLINEDETECT.OBJ
G:\我的项目\UPPERLEVELSOFT\CORRECTPOSITION\DEBUG\ROADRECONHALCONWITHPTGREY.OBJ
G:\我的项目\UPPERLEVELSOFT\CORRECTPOSITION\DEBUG\STDAFX.OBJ
G:\我的项目\UPPERLEVELSOFT\CORRECTPOSITION\DEBUG\SVPTGRAB2.OBJ
G:\我的项目\UPPERLEVELSOFT\CORRECTPOSITION\DEBUG\VC100.PDB
G:\我的项目\UPPERLEVELSOFT\DEBUG\CAMERACORRECT.EXE
G:\我的项目\UPPERLEVELSOFT\DEBUG\CAMERACORRECT.ILK
G:\我的项目\UPPERLEVELSOFT\DEBUG\CAMERACORRECT.PDB
