生成启动时间为 2018/3/12 16:19:45。
     1>项目“C:\Users\Administrator\Desktop\PaintingRobot-master - 副本\CorrectPosition\CorrectPosition.vcxproj”在节点 3 上(rebuild 个目标)。
     1>_PrepareForClean:
         正在删除文件“Debug\CameraCorrect.lastbuildstate”。
       InitializeBuildStatus:
         正在创建“Debug\CameraCorrect.unsuccessfulbuild”，因为已指定“AlwaysCreate”。
       ClCompile:
         D:\Program Files (x86)\Microsoft Visual Studio 10.0\VC\bin\CL.exe /c /I..\CorrectPosition\halcon\include /I..\CorrectPosition\FlyCapture\include /ZI /nologo /W3 /WX- /Od /Oy- /D WIN32 /D _WINDOWS /D _DEBUG /D _MBCS /D _AFXDLL /Gm /EHsc /RTC1 /MDd /GS /fp:precise /Zc:wchar_t /Zc:forScope /Yc"StdAfx.h" /Fp"Debug\CameraCorrect.pch" /Fo"Debug\\" /Fd"Debug\vc100.pdb" /Gd /TP /analyze- /errorReport:prompt stdafx.cpp
         stdafx.cpp
         D:\Program Files (x86)\Microsoft Visual Studio 10.0\VC\bin\CL.exe /c /I..\CorrectPosition\halcon\include /I..\CorrectPosition\FlyCapture\include /ZI /nologo /W3 /WX- /Od /Oy- /D WIN32 /D _WINDOWS /D _DEBUG /D _MBCS /D _AFXDLL /Gm /EHsc /RTC1 /MDd /GS /fp:precise /Zc:wchar_t /Zc:forScope /Yu"StdAfx.h" /Fp"Debug\CameraCorrect.pch" /Fo"Debug\\" /Fd"Debug\vc100.pdb" /Gd /TP /analyze- /errorReport:prompt 256Dib.cpp CameraCorrect.cpp CameraCorrectDlg.cpp DIB.CPP Log.cpp MyDib.cpp ProTime.cpp PTCameraUsing.cpp RoadLineDetect.cpp RoadRecOnHalconWithPtgrey.cpp svPTGrab2.cpp
         svPTGrab2.cpp
     1>c:\users\administrator\desktop\paintingrobot-master - 副本\correctposition\flycapture\include\flycapture2.h : warning C4819: 该文件包含不能在当前代码页(936)中表示的字符。请将该文件保存为 Unicode 格式以防止数据丢失
     1>c:\users\administrator\desktop\paintingrobot-master - 副本\correctposition\flycapture\include\flycapture2defs.h : warning C4819: 该文件包含不能在当前代码页(936)中表示的字符。请将该文件保存为 Unicode 格式以防止数据丢失
     1>c:\users\administrator\desktop\paintingrobot-master - 副本\correctposition\flycapture\include\error.h : warning C4819: 该文件包含不能在当前代码页(936)中表示的字符。请将该文件保存为 Unicode 格式以防止数据丢失
     1>c:\users\administrator\desktop\paintingrobot-master - 副本\correctposition\flycapture\include\flycapture2defs.h : warning C4819: 该文件包含不能在当前代码页(936)中表示的字符。请将该文件保存为 Unicode 格式以防止数据丢失
     1>c:\users\administrator\desktop\paintingrobot-master - 副本\correctposition\flycapture\include\flycapture2defs.h : warning C4819: 该文件包含不能在当前代码页(936)中表示的字符。请将该文件保存为 Unicode 格式以防止数据丢失
     1>c:\users\administrator\desktop\paintingrobot-master - 副本\correctposition\flycapture\include\camera.h : warning C4819: 该文件包含不能在当前代码页(936)中表示的字符。请将该文件保存为 Unicode 格式以防止数据丢失
     1>c:\users\administrator\desktop\paintingrobot-master - 副本\correctposition\flycapture\include\camerabase.h : warning C4819: 该文件包含不能在当前代码页(936)中表示的字符。请将该文件保存为 Unicode 格式以防止数据丢失
     1>c:\users\administrator\desktop\paintingrobot-master - 副本\correctposition\flycapture\include\flycapture2defs.h : warning C4819: 该文件包含不能在当前代码页(936)中表示的字符。请将该文件保存为 Unicode 格式以防止数据丢失
     1>c:\users\administrator\desktop\paintingrobot-master - 副本\correctposition\flycapture\include\gigecamera.h : warning C4819: 该文件包含不能在当前代码页(936)中表示的字符。请将该文件保存为 Unicode 格式以防止数据丢失
     1>c:\users\administrator\desktop\paintingrobot-master - 副本\correctposition\flycapture\include\camerabase.h : warning C4819: 该文件包含不能在当前代码页(936)中表示的字符。请将该文件保存为 Unicode 格式以防止数据丢失
     1>c:\users\administrator\desktop\paintingrobot-master - 副本\correctposition\flycapture\include\image.h : warning C4819: 该文件包含不能在当前代码页(936)中表示的字符。请将该文件保存为 Unicode 格式以防止数据丢失
     1>c:\users\administrator\desktop\paintingrobot-master - 副本\correctposition\flycapture\include\flycapture2defs.h : warning C4819: 该文件包含不能在当前代码页(936)中表示的字符。请将该文件保存为 Unicode 格式以防止数据丢失
     1>c:\users\administrator\desktop\paintingrobot-master - 副本\correctposition\flycapture\include\utilities.h : warning C4819: 该文件包含不能在当前代码页(936)中表示的字符。请将该文件保存为 Unicode 格式以防止数据丢失
     1>c:\users\administrator\desktop\paintingrobot-master - 副本\correctposition\flycapture\include\flycapture2defs.h : warning C4819: 该文件包含不能在当前代码页(936)中表示的字符。请将该文件保存为 Unicode 格式以防止数据丢失
     1>c:\users\administrator\desktop\paintingrobot-master - 副本\correctposition\flycapture\include\flycapture2defs.h : warning C4819: 该文件包含不能在当前代码页(936)中表示的字符。请将该文件保存为 Unicode 格式以防止数据丢失
     1>c:\users\administrator\desktop\paintingrobot-master - 副本\correctposition\flycapture\include\flycapture2defs.h : warning C4819: 该文件包含不能在当前代码页(936)中表示的字符。请将该文件保存为 Unicode 格式以防止数据丢失
     1>c:\users\administrator\desktop\paintingrobot-master - 副本\correctposition\flycapture\include\flycapture2defs.h : warning C4819: 该文件包含不能在当前代码页(936)中表示的字符。请将该文件保存为 Unicode 格式以防止数据丢失
     1>c:\users\administrator\desktop\paintingrobot-master - 副本\correctposition\svptgrab2.cpp(255): warning C4018: “<”: 有符号/无符号不匹配
     1>c:\users\administrator\desktop\paintingrobot-master - 副本\correctposition\svptgrab2.cpp(2827): warning C4996: 'strcpy': This function or variable may be unsafe. Consider using strcpy_s instead. To disable deprecation, use _CRT_SECURE_NO_WARNINGS. See online help for details.
                 d:\program files (x86)\microsoft visual studio 10.0\vc\include\string.h(105) : 参见“strcpy”的声明
     1>c:\users\administrator\desktop\paintingrobot-master - 副本\correctposition\svptgrab2.cpp(2828): warning C4996: 'strcpy': This function or variable may be unsafe. Consider using strcpy_s instead. To disable deprecation, use _CRT_SECURE_NO_WARNINGS. See online help for details.
                 d:\program files (x86)\microsoft visual studio 10.0\vc\include\string.h(105) : 参见“strcpy”的声明
     1>c:\users\administrator\desktop\paintingrobot-master - 副本\correctposition\svptgrab2.cpp(2838): warning C4996: 'strcpy': This function or variable may be unsafe. Consider using strcpy_s instead. To disable deprecation, use _CRT_SECURE_NO_WARNINGS. See online help for details.
                 d:\program files (x86)\microsoft visual studio 10.0\vc\include\string.h(105) : 参见“strcpy”的声明
     1>c:\users\administrator\desktop\paintingrobot-master - 副本\correctposition\svptgrab2.cpp(2839): warning C4996: 'strcpy': This function or variable may be unsafe. Consider using strcpy_s instead. To disable deprecation, use _CRT_SECURE_NO_WARNINGS. See online help for details.
                 d:\program files (x86)\microsoft visual studio 10.0\vc\include\string.h(105) : 参见“strcpy”的声明
     1>c:\users\administrator\desktop\paintingrobot-master - 副本\correctposition\svptgrab2.cpp(4762): warning C4800: “unsigned int”: 将值强制为布尔值“true”或“false”(性能警告)
     1>c:\users\administrator\desktop\paintingrobot-master - 副本\correctposition\svptgrab2.cpp(4788): warning C4244: “初始化”: 从“double”转换到“WORD”，可能丢失数据
     1>c:\users\administrator\desktop\paintingrobot-master - 副本\correctposition\svptgrab2.cpp(4789): warning C4244: “初始化”: 从“double”转换到“WORD”，可能丢失数据
     1>c:\users\administrator\desktop\paintingrobot-master - 副本\correctposition\svptgrab2.cpp(4822): warning C4800: “unsigned int”: 将值强制为布尔值“true”或“false”(性能警告)
     1>c:\users\administrator\desktop\paintingrobot-master - 副本\correctposition\svptgrab2.cpp(4834): warning C4800: “unsigned int”: 将值强制为布尔值“true”或“false”(性能警告)
     1>c:\users\administrator\desktop\paintingrobot-master - 副本\correctposition\svptgrab2.cpp(4835): warning C4800: “unsigned int”: 将值强制为布尔值“true”或“false”(性能警告)
     1>c:\users\administrator\desktop\paintingrobot-master - 副本\correctposition\svptgrab2.cpp(4836): warning C4800: “unsigned int”: 将值强制为布尔值“true”或“false”(性能警告)
     1>c:\users\administrator\desktop\paintingrobot-master - 副本\correctposition\svptgrab2.cpp(4837): warning C4800: “unsigned int”: 将值强制为布尔值“true”或“false”(性能警告)
     1>c:\users\administrator\desktop\paintingrobot-master - 副本\correctposition\svptgrab2.cpp(4845): warning C4244: “初始化”: 从“double”转换到“DWORD”，可能丢失数据
     1>c:\users\administrator\desktop\paintingrobot-master - 副本\correctposition\svptgrab2.cpp(4846): warning C4244: “初始化”: 从“double”转换到“DWORD”，可能丢失数据
     1>c:\users\administrator\desktop\paintingrobot-master - 副本\correctposition\svptgrab2.cpp(4847): warning C4018: “>”: 有符号/无符号不匹配
     1>c:\users\administrator\desktop\paintingrobot-master - 副本\correctposition\svptgrab2.cpp(4851): warning C4018: “<”: 有符号/无符号不匹配
     1>c:\users\administrator\desktop\paintingrobot-master - 副本\correctposition\svptgrab2.cpp(4855): warning C4018: “>”: 有符号/无符号不匹配
     1>c:\users\administrator\desktop\paintingrobot-master - 副本\correctposition\svptgrab2.cpp(4859): warning C4018: “<”: 有符号/无符号不匹配
     1>c:\users\administrator\desktop\paintingrobot-master - 副本\correctposition\svptgrab2.cpp(4915): warning C4244: “=”: 从“double”转换到“float”，可能丢失数据
     1>c:\users\administrator\desktop\paintingrobot-master - 副本\correctposition\svptgrab2.cpp(4916): warning C4244: “=”: 从“double”转换到“float”，可能丢失数据
     1>c:\users\administrator\desktop\paintingrobot-master - 副本\correctposition\svptgrab2.cpp(4924): warning C4800: “unsigned int”: 将值强制为布尔值“true”或“false”(性能警告)
     1>c:\users\administrator\desktop\paintingrobot-master - 副本\correctposition\svptgrab2.cpp(4934): warning C4800: “unsigned int”: 将值强制为布尔值“true”或“false”(性能警告)
     1>c:\users\administrator\desktop\paintingrobot-master - 副本\correctposition\svptgrab2.cpp(4946): warning C4800: “unsigned int”: 将值强制为布尔值“true”或“false”(性能警告)
     1>c:\users\administrator\desktop\paintingrobot-master - 副本\correctposition\svptgrab2.cpp(4947): warning C4800: “unsigned int”: 将值强制为布尔值“true”或“false”(性能警告)
     1>c:\users\administrator\desktop\paintingrobot-master - 副本\correctposition\svptgrab2.cpp(4948): warning C4800: “unsigned int”: 将值强制为布尔值“true”或“false”(性能警告)
     1>c:\users\administrator\desktop\paintingrobot-master - 副本\correctposition\svptgrab2.cpp(4949): warning C4800: “unsigned int”: 将值强制为布尔值“true”或“false”(性能警告)
     1>c:\users\administrator\desktop\paintingrobot-master - 副本\correctposition\svptgrab2.cpp(4964): warning C4800: “int”: 将值强制为布尔值“true”或“false”(性能警告)
     1>c:\users\administrator\desktop\paintingrobot-master - 副本\correctposition\svptgrab2.cpp(4970): warning C4244: “=”: 从“double”转换到“float”，可能丢失数据
     1>c:\users\administrator\desktop\paintingrobot-master - 副本\correctposition\svptgrab2.cpp(4971): warning C4244: “=”: 从“double”转换到“float”，可能丢失数据
     1>c:\users\administrator\desktop\paintingrobot-master - 副本\correctposition\svptgrab2.cpp(4998): warning C4244: “初始化”: 从“double”转换到“WORD”，可能丢失数据
     1>c:\users\administrator\desktop\paintingrobot-master - 副本\correctposition\svptgrab2.cpp(4999): warning C4244: “初始化”: 从“double”转换到“WORD”，可能丢失数据
     1>c:\users\administrator\desktop\paintingrobot-master - 副本\correctposition\svptgrab2.cpp(5016): warning C4805: “|”: 在操作中将类型“int”与类型“bool”混合不安全
     1>c:\users\administrator\desktop\paintingrobot-master - 副本\correctposition\svptgrab2.cpp(5052): warning C4244: “=”: 从“double”转换到“float”，可能丢失数据
     1>c:\users\administrator\desktop\paintingrobot-master - 副本\correctposition\svptgrab2.cpp(5053): warning C4244: “=”: 从“double”转换到“float”，可能丢失数据
         RoadRecOnHalconWithPtgrey.cpp
     1>c:\users\administrator\desktop\paintingrobot-master - 副本\correctposition\halcon\include\halconcpp\hoperatorset.h(5491): warning C4819: 该文件包含不能在当前代码页(936)中表示的字符。请将该文件保存为 Unicode 格式以防止数据丢失
     1>c:\users\administrator\desktop\paintingrobot-master - 副本\correctposition\halcon\include\halconcpp\hpose.h : warning C4819: 该文件包含不能在当前代码页(936)中表示的字符。请将该文件保存为 Unicode 格式以防止数据丢失
     1>c:\users\administrator\desktop\paintingrobot-master - 副本\correctposition\halcon\include\halconcpp\hhommat3d.h : warning C4819: 该文件包含不能在当前代码页(936)中表示的字符。请将该文件保存为 Unicode 格式以防止数据丢失
         RoadLineDetect.cpp
     1>c:\users\administrator\desktop\paintingrobot-master - 副本\correctposition\halcon\include\halconcpp\hoperatorset.h(5491): warning C4819: 该文件包含不能在当前代码页(936)中表示的字符。请将该文件保存为 Unicode 格式以防止数据丢失
     1>c:\users\administrator\desktop\paintingrobot-master - 副本\correctposition\halcon\include\halconcpp\hpose.h : warning C4819: 该文件包含不能在当前代码页(936)中表示的字符。请将该文件保存为 Unicode 格式以防止数据丢失
     1>c:\users\administrator\desktop\paintingrobot-master - 副本\correctposition\halcon\include\halconcpp\hhommat3d.h : warning C4819: 该文件包含不能在当前代码页(936)中表示的字符。请将该文件保存为 Unicode 格式以防止数据丢失
         PTCameraUsing.cpp
     1>c:\users\administrator\desktop\paintingrobot-master - 副本\correctposition\flycapture\include\flycapture2.h : warning C4819: 该文件包含不能在当前代码页(936)中表示的字符。请将该文件保存为 Unicode 格式以防止数据丢失
     1>c:\users\administrator\desktop\paintingrobot-master - 副本\correctposition\flycapture\include\flycapture2defs.h : warning C4819: 该文件包含不能在当前代码页(936)中表示的字符。请将该文件保存为 Unicode 格式以防止数据丢失
     1>c:\users\administrator\desktop\paintingrobot-master - 副本\correctposition\flycapture\include\error.h : warning C4819: 该文件包含不能在当前代码页(936)中表示的字符。请将该文件保存为 Unicode 格式以防止数据丢失
     1>c:\users\administrator\desktop\paintingrobot-master - 副本\correctposition\flycapture\include\flycapture2defs.h : warning C4819: 该文件包含不能在当前代码页(936)中表示的字符。请将该文件保存为 Unicode 格式以防止数据丢失
     1>c:\users\administrator\desktop\paintingrobot-master - 副本\correctposition\flycapture\include\flycapture2defs.h : warning C4819: 该文件包含不能在当前代码页(936)中表示的字符。请将该文件保存为 Unicode 格式以防止数据丢失
     1>c:\users\administrator\desktop\paintingrobot-master - 副本\correctposition\flycapture\include\camera.h : warning C4819: 该文件包含不能在当前代码页(936)中表示的字符。请将该文件保存为 Unicode 格式以防止数据丢失
     1>c:\users\administrator\desktop\paintingrobot-master - 副本\correctposition\flycapture\include\camerabase.h : warning C4819: 该文件包含不能在当前代码页(936)中表示的字符。请将该文件保存为 Unicode 格式以防止数据丢失
     1>c:\users\administrator\desktop\paintingrobot-master - 副本\correctposition\flycapture\include\flycapture2defs.h : warning C4819: 该文件包含不能在当前代码页(936)中表示的字符。请将该文件保存为 Unicode 格式以防止数据丢失
     1>c:\users\administrator\desktop\paintingrobot-master - 副本\correctposition\flycapture\include\gigecamera.h : warning C4819: 该文件包含不能在当前代码页(936)中表示的字符。请将该文件保存为 Unicode 格式以防止数据丢失
     1>c:\users\administrator\desktop\paintingrobot-master - 副本\correctposition\flycapture\include\camerabase.h : warning C4819: 该文件包含不能在当前代码页(936)中表示的字符。请将该文件保存为 Unicode 格式以防止数据丢失
     1>c:\users\administrator\desktop\paintingrobot-master - 副本\correctposition\flycapture\include\image.h : warning C4819: 该文件包含不能在当前代码页(936)中表示的字符。请将该文件保存为 Unicode 格式以防止数据丢失
     1>c:\users\administrator\desktop\paintingrobot-master - 副本\correctposition\flycapture\include\flycapture2defs.h : warning C4819: 该文件包含不能在当前代码页(936)中表示的字符。请将该文件保存为 Unicode 格式以防止数据丢失
     1>c:\users\administrator\desktop\paintingrobot-master - 副本\correctposition\flycapture\include\utilities.h : warning C4819: 该文件包含不能在当前代码页(936)中表示的字符。请将该文件保存为 Unicode 格式以防止数据丢失
     1>c:\users\administrator\desktop\paintingrobot-master - 副本\correctposition\flycapture\include\flycapture2defs.h : warning C4819: 该文件包含不能在当前代码页(936)中表示的字符。请将该文件保存为 Unicode 格式以防止数据丢失
     1>c:\users\administrator\desktop\paintingrobot-master - 副本\correctposition\flycapture\include\flycapture2defs.h : warning C4819: 该文件包含不能在当前代码页(936)中表示的字符。请将该文件保存为 Unicode 格式以防止数据丢失
     1>c:\users\administrator\desktop\paintingrobot-master - 副本\correctposition\flycapture\include\flycapture2defs.h : warning C4819: 该文件包含不能在当前代码页(936)中表示的字符。请将该文件保存为 Unicode 格式以防止数据丢失
     1>c:\users\administrator\desktop\paintingrobot-master - 副本\correctposition\flycapture\include\flycapture2defs.h : warning C4819: 该文件包含不能在当前代码页(936)中表示的字符。请将该文件保存为 Unicode 格式以防止数据丢失
     1>c:\users\administrator\desktop\paintingrobot-master - 副本\correctposition\ptcamerausing.cpp(23): warning C4101: “Percent”: 未引用的局部变量
     1>c:\users\administrator\desktop\paintingrobot-master - 副本\correctposition\ptcamerausing.cpp(22): warning C4101: “upackgeSize”: 未引用的局部变量
         ProTime.cpp
         MyDib.cpp
         Log.cpp
         DIB.CPP
     1>c:\users\administrator\desktop\paintingrobot-master - 副本\correctposition\dib.cpp(486): warning C4244: “初始化”: 从“ULONGLONG”转换到“DWORD”，可能丢失数据
         CameraCorrectDlg.cpp
     1>c:\users\administrator\desktop\paintingrobot-master - 副本\correctposition\flycapture\include\flycapture2.h : warning C4819: 该文件包含不能在当前代码页(936)中表示的字符。请将该文件保存为 Unicode 格式以防止数据丢失
     1>c:\users\administrator\desktop\paintingrobot-master - 副本\correctposition\flycapture\include\flycapture2defs.h : warning C4819: 该文件包含不能在当前代码页(936)中表示的字符。请将该文件保存为 Unicode 格式以防止数据丢失
     1>c:\users\administrator\desktop\paintingrobot-master - 副本\correctposition\flycapture\include\error.h : warning C4819: 该文件包含不能在当前代码页(936)中表示的字符。请将该文件保存为 Unicode 格式以防止数据丢失
     1>c:\users\administrator\desktop\paintingrobot-master - 副本\correctposition\flycapture\include\flycapture2defs.h : warning C4819: 该文件包含不能在当前代码页(936)中表示的字符。请将该文件保存为 Unicode 格式以防止数据丢失
     1>c:\users\administrator\desktop\paintingrobot-master - 副本\correctposition\flycapture\include\flycapture2defs.h : warning C4819: 该文件包含不能在当前代码页(936)中表示的字符。请将该文件保存为 Unicode 格式以防止数据丢失
     1>c:\users\administrator\desktop\paintingrobot-master - 副本\correctposition\flycapture\include\camera.h : warning C4819: 该文件包含不能在当前代码页(936)中表示的字符。请将该文件保存为 Unicode 格式以防止数据丢失
     1>c:\users\administrator\desktop\paintingrobot-master - 副本\correctposition\flycapture\include\camerabase.h : warning C4819: 该文件包含不能在当前代码页(936)中表示的字符。请将该文件保存为 Unicode 格式以防止数据丢失
     1>c:\users\administrator\desktop\paintingrobot-master - 副本\correctposition\flycapture\include\flycapture2defs.h : warning C4819: 该文件包含不能在当前代码页(936)中表示的字符。请将该文件保存为 Unicode 格式以防止数据丢失
     1>c:\users\administrator\desktop\paintingrobot-master - 副本\correctposition\flycapture\include\gigecamera.h : warning C4819: 该文件包含不能在当前代码页(936)中表示的字符。请将该文件保存为 Unicode 格式以防止数据丢失
     1>c:\users\administrator\desktop\paintingrobot-master - 副本\correctposition\flycapture\include\camerabase.h : warning C4819: 该文件包含不能在当前代码页(936)中表示的字符。请将该文件保存为 Unicode 格式以防止数据丢失
     1>c:\users\administrator\desktop\paintingrobot-master - 副本\correctposition\flycapture\include\image.h : warning C4819: 该文件包含不能在当前代码页(936)中表示的字符。请将该文件保存为 Unicode 格式以防止数据丢失
     1>c:\users\administrator\desktop\paintingrobot-master - 副本\correctposition\flycapture\include\flycapture2defs.h : warning C4819: 该文件包含不能在当前代码页(936)中表示的字符。请将该文件保存为 Unicode 格式以防止数据丢失
     1>c:\users\administrator\desktop\paintingrobot-master - 副本\correctposition\flycapture\include\utilities.h : warning C4819: 该文件包含不能在当前代码页(936)中表示的字符。请将该文件保存为 Unicode 格式以防止数据丢失
     1>c:\users\administrator\desktop\paintingrobot-master - 副本\correctposition\flycapture\include\flycapture2defs.h : warning C4819: 该文件包含不能在当前代码页(936)中表示的字符。请将该文件保存为 Unicode 格式以防止数据丢失
     1>c:\users\administrator\desktop\paintingrobot-master - 副本\correctposition\flycapture\include\flycapture2defs.h : warning C4819: 该文件包含不能在当前代码页(936)中表示的字符。请将该文件保存为 Unicode 格式以防止数据丢失
     1>c:\users\administrator\desktop\paintingrobot-master - 副本\correctposition\flycapture\include\flycapture2defs.h : warning C4819: 该文件包含不能在当前代码页(936)中表示的字符。请将该文件保存为 Unicode 格式以防止数据丢失
     1>c:\users\administrator\desktop\paintingrobot-master - 副本\correctposition\flycapture\include\flycapture2defs.h : warning C4819: 该文件包含不能在当前代码页(936)中表示的字符。请将该文件保存为 Unicode 格式以防止数据丢失
     1>c:\users\administrator\desktop\paintingrobot-master - 副本\correctposition\halcon\include\halconcpp\hoperatorset.h(5491): warning C4819: 该文件包含不能在当前代码页(936)中表示的字符。请将该文件保存为 Unicode 格式以防止数据丢失
     1>c:\users\administrator\desktop\paintingrobot-master - 副本\correctposition\halcon\include\halconcpp\hpose.h : warning C4819: 该文件包含不能在当前代码页(936)中表示的字符。请将该文件保存为 Unicode 格式以防止数据丢失
     1>c:\users\administrator\desktop\paintingrobot-master - 副本\correctposition\halcon\include\halconcpp\hhommat3d.h : warning C4819: 该文件包含不能在当前代码页(936)中表示的字符。请将该文件保存为 Unicode 格式以防止数据丢失
     1>c:\users\administrator\desktop\paintingrobot-master - 副本\correctposition\cameracorrectdlg.cpp(334): warning C4101: “lenth”: 未引用的局部变量
     1>c:\users\administrator\desktop\paintingrobot-master - 副本\correctposition\cameracorrectdlg.cpp(333): warning C4101: “gcInBuffer”: 未引用的局部变量
         CameraCorrect.cpp
     1>c:\users\administrator\desktop\paintingrobot-master - 副本\correctposition\flycapture\include\flycapture2.h : warning C4819: 该文件包含不能在当前代码页(936)中表示的字符。请将该文件保存为 Unicode 格式以防止数据丢失
     1>c:\users\administrator\desktop\paintingrobot-master - 副本\correctposition\flycapture\include\flycapture2defs.h : warning C4819: 该文件包含不能在当前代码页(936)中表示的字符。请将该文件保存为 Unicode 格式以防止数据丢失
     1>c:\users\administrator\desktop\paintingrobot-master - 副本\correctposition\flycapture\include\error.h : warning C4819: 该文件包含不能在当前代码页(936)中表示的字符。请将该文件保存为 Unicode 格式以防止数据丢失
     1>c:\users\administrator\desktop\paintingrobot-master - 副本\correctposition\flycapture\include\flycapture2defs.h : warning C4819: 该文件包含不能在当前代码页(936)中表示的字符。请将该文件保存为 Unicode 格式以防止数据丢失
     1>c:\users\administrator\desktop\paintingrobot-master - 副本\correctposition\flycapture\include\flycapture2defs.h : warning C4819: 该文件包含不能在当前代码页(936)中表示的字符。请将该文件保存为 Unicode 格式以防止数据丢失
     1>c:\users\administrator\desktop\paintingrobot-master - 副本\correctposition\flycapture\include\camera.h : warning C4819: 该文件包含不能在当前代码页(936)中表示的字符。请将该文件保存为 Unicode 格式以防止数据丢失
     1>c:\users\administrator\desktop\paintingrobot-master - 副本\correctposition\flycapture\include\camerabase.h : warning C4819: 该文件包含不能在当前代码页(936)中表示的字符。请将该文件保存为 Unicode 格式以防止数据丢失
     1>c:\users\administrator\desktop\paintingrobot-master - 副本\correctposition\flycapture\include\flycapture2defs.h : warning C4819: 该文件包含不能在当前代码页(936)中表示的字符。请将该文件保存为 Unicode 格式以防止数据丢失
     1>c:\users\administrator\desktop\paintingrobot-master - 副本\correctposition\flycapture\include\gigecamera.h : warning C4819: 该文件包含不能在当前代码页(936)中表示的字符。请将该文件保存为 Unicode 格式以防止数据丢失
     1>c:\users\administrator\desktop\paintingrobot-master - 副本\correctposition\flycapture\include\camerabase.h : warning C4819: 该文件包含不能在当前代码页(936)中表示的字符。请将该文件保存为 Unicode 格式以防止数据丢失
     1>c:\users\administrator\desktop\paintingrobot-master - 副本\correctposition\flycapture\include\image.h : warning C4819: 该文件包含不能在当前代码页(936)中表示的字符。请将该文件保存为 Unicode 格式以防止数据丢失
     1>c:\users\administrator\desktop\paintingrobot-master - 副本\correctposition\flycapture\include\flycapture2defs.h : warning C4819: 该文件包含不能在当前代码页(936)中表示的字符。请将该文件保存为 Unicode 格式以防止数据丢失
     1>c:\users\administrator\desktop\paintingrobot-master - 副本\correctposition\flycapture\include\utilities.h : warning C4819: 该文件包含不能在当前代码页(936)中表示的字符。请将该文件保存为 Unicode 格式以防止数据丢失
     1>c:\users\administrator\desktop\paintingrobot-master - 副本\correctposition\flycapture\include\flycapture2defs.h : warning C4819: 该文件包含不能在当前代码页(936)中表示的字符。请将该文件保存为 Unicode 格式以防止数据丢失
     1>c:\users\administrator\desktop\paintingrobot-master - 副本\correctposition\flycapture\include\flycapture2defs.h : warning C4819: 该文件包含不能在当前代码页(936)中表示的字符。请将该文件保存为 Unicode 格式以防止数据丢失
     1>c:\users\administrator\desktop\paintingrobot-master - 副本\correctposition\flycapture\include\flycapture2defs.h : warning C4819: 该文件包含不能在当前代码页(936)中表示的字符。请将该文件保存为 Unicode 格式以防止数据丢失
     1>c:\users\administrator\desktop\paintingrobot-master - 副本\correctposition\flycapture\include\flycapture2defs.h : warning C4819: 该文件包含不能在当前代码页(936)中表示的字符。请将该文件保存为 Unicode 格式以防止数据丢失
     1>c:\users\administrator\desktop\paintingrobot-master - 副本\correctposition\halcon\include\halconcpp\hoperatorset.h(5491): warning C4819: 该文件包含不能在当前代码页(936)中表示的字符。请将该文件保存为 Unicode 格式以防止数据丢失
     1>c:\users\administrator\desktop\paintingrobot-master - 副本\correctposition\halcon\include\halconcpp\hpose.h : warning C4819: 该文件包含不能在当前代码页(936)中表示的字符。请将该文件保存为 Unicode 格式以防止数据丢失
     1>c:\users\administrator\desktop\paintingrobot-master - 副本\correctposition\halcon\include\halconcpp\hhommat3d.h : warning C4819: 该文件包含不能在当前代码页(936)中表示的字符。请将该文件保存为 Unicode 格式以防止数据丢失
         256Dib.cpp
         正在生成代码...
     1>c:\users\administrator\desktop\paintingrobot-master - 副本\correctposition\roadreconhalconwithptgrey.h(34): warning C4715: “CRoadRecOnHalconWithPtgrey::RecOneGrab”: 不是所有的控件路径都返回值
     1>c:\users\administrator\desktop\paintingrobot-master - 副本\correctposition\roadreconhalconwithptgrey.h(42): warning C4715: “CRoadRecOnHalconWithPtgrey::RecOneGrabTwo”: 不是所有的控件路径都返回值
     1>c:\users\administrator\desktop\paintingrobot-master - 副本\correctposition\ptcamerausing.cpp(45): warning C4715: “CPTCameraUsing::InitCameraSetting”: 不是所有的控件路径都返回值
       ResourceCompile:
         C:\Program Files (x86)\Microsoft SDKs\Windows\v7.0A\bin\rc.exe /D _DEBUG /D _AFXDLL /l"0x0804" /IDebug\ /nologo /fo"Debug\CorrectPosition.res" CorrectPosition.rc 
       ManifestResourceCompile:
         C:\Program Files (x86)\Microsoft SDKs\Windows\v7.0A\bin\rc.exe /nologo /fo"Debug\CameraCorrect.exe.embed.manifest.res" Debug\CameraCorrect_manifest.rc 
       Link:
         D:\Program Files (x86)\Microsoft Visual Studio 10.0\VC\bin\link.exe /ERRORREPORT:PROMPT /OUT:"C:\Users\Administrator\Desktop\PaintingRobot-master - 副本\Debug\CameraCorrect.exe" /INCREMENTAL /NOLOGO Flycapture2_v100.lib /MANIFEST /ManifestFile:"Debug\CameraCorrect.exe.intermediate.manifest" /MANIFESTUAC:"level='asInvoker' uiAccess='false'" /DEBUG /PDB:"C:\Users\Administrator\Desktop\PaintingRobot-master - 副本\Debug\CameraCorrect.pdb" /SUBSYSTEM:WINDOWS /TLBID:1 /DYNAMICBASE /NXCOMPAT /IMPLIB:"C:\Users\Administrator\Desktop\PaintingRobot-master - 副本\Debug\CameraCorrect.lib" /MACHINE:X86 Debug\CorrectPosition.res
         Debug\CameraCorrect.exe.embed.manifest.res
         Debug\256Dib.obj
         Debug\CameraCorrect.obj
         Debug\CameraCorrectDlg.obj
         Debug\DIB.obj
         Debug\Log.obj
         Debug\MyDib.obj
         Debug\ProTime.obj
         Debug\PTCameraUsing.obj
         Debug\RoadLineDetect.obj
         Debug\RoadRecOnHalconWithPtgrey.obj
         Debug\stdafx.obj
         Debug\svPTGrab2.obj
       Manifest:
         正在删除文件“Debug\CameraCorrect.exe.embed.manifest”。
         C:\Program Files (x86)\Microsoft SDKs\Windows\v7.0A\bin\mt.exe /nologo /verbose /out:"Debug\CameraCorrect.exe.embed.manifest" /manifest Debug\CameraCorrect.exe.intermediate.manifest "D:\Program Files (x86)\Microsoft Visual Studio 10.0\VC\Include\Manifest\dpiaware.manifest"
         C:\Program Files (x86)\Microsoft SDKs\Windows\v7.0A\bin\rc.exe /nologo /fo"Debug\CameraCorrect.exe.embed.manifest.res" Debug\CameraCorrect_manifest.rc 
       LinkEmbedManifest:
         D:\Program Files (x86)\Microsoft Visual Studio 10.0\VC\bin\link.exe /ERRORREPORT:PROMPT /OUT:"C:\Users\Administrator\Desktop\PaintingRobot-master - 副本\Debug\CameraCorrect.exe" /INCREMENTAL /NOLOGO Flycapture2_v100.lib /MANIFEST /ManifestFile:"Debug\CameraCorrect.exe.intermediate.manifest" /MANIFESTUAC:"level='asInvoker' uiAccess='false'" /DEBUG /PDB:"C:\Users\Administrator\Desktop\PaintingRobot-master - 副本\Debug\CameraCorrect.pdb" /SUBSYSTEM:WINDOWS /TLBID:1 /DYNAMICBASE /NXCOMPAT /IMPLIB:"C:\Users\Administrator\Desktop\PaintingRobot-master - 副本\Debug\CameraCorrect.lib" /MACHINE:X86 Debug\CorrectPosition.res
         Debug\CameraCorrect.exe.embed.manifest.res
         Debug\256Dib.obj
         Debug\CameraCorrect.obj
         Debug\CameraCorrectDlg.obj
         Debug\DIB.obj
         Debug\Log.obj
         Debug\MyDib.obj
         Debug\ProTime.obj
         Debug\PTCameraUsing.obj
         Debug\RoadLineDetect.obj
         Debug\RoadRecOnHalconWithPtgrey.obj
         Debug\stdafx.obj
         Debug\svPTGrab2.obj
         CorrectPosition.vcxproj -> C:\Users\Administrator\Desktop\PaintingRobot-master - 副本\Debug\CameraCorrect.exe
       FinalizeBuildStatus:
         正在删除文件“Debug\CameraCorrect.unsuccessfulbuild”。
         正在对“Debug\CameraCorrect.lastbuildstate”执行 Touch 任务。
     1>已完成生成项目“C:\Users\Administrator\Desktop\PaintingRobot-master - 副本\CorrectPosition\CorrectPosition.vcxproj”(rebuild 个目标)的操作。

生成成功。

已用时间 00:00:16.33
