生成启动时间为 2018/2/3 11:34:32。
     1>项目“G:\MyPorject\UpperLevelSoft\UpperLevelSoft\UpperLevelSoft.vcxproj”在节点 2 上(build 个目标)。
     1>InitializeBuildStatus:
         正在对“Debug\UpperLevelSoft.unsuccessfulbuild”执行 Touch 任务。
       ClCompile:
         所有输出均为最新。
         E:\Program Files (x86)\Microsoft Visual Studio 10.0\VC\bin\CL.exe /c /ZI /nologo /W3 /WX- /Od /Oy- /D WIN32 /D _WINDOWS /D _DEBUG /D _MBCS /D _AFXDLL /Gm /EHsc /RTC1 /MDd /GS /fp:precise /Zc:wchar_t /Zc:forScope /Yu"StdAfx.h" /Fp"Debug\UpperLevelSoft.pch" /Fo"Debug\\" /Fd"Debug\vc100.pdb" /Gd /TP /analyze- /errorReport:prompt UpperLevelSoftDlg.cpp
         UpperLevelSoftDlg.cpp
     1>g:\myporject\upperlevelsoft\upperlevelsoft\recognizepicture.h(512): warning C4244: “*=”: 从“float”转换到“unsigned int”，可能丢失数据
     1>g:\myporject\upperlevelsoft\upperlevelsoft\recognizepicture.h(514): warning C4244: “*=”: 从“float”转换到“unsigned int”，可能丢失数据
     1>g:\myporject\upperlevelsoft\upperlevelsoft\resultadapter.h(985): warning C4138: 在注释外找到“*/”
     1>g:\myporject\upperlevelsoft\upperlevelsoft\resultadapter.h(1037): warning C4244: “return”: 从“float”转换到“unsigned int”，可能丢失数据
     1>g:\myporject\upperlevelsoft\upperlevelsoft\pmac\include\resource.h(417): warning C4005: “IDC_RADIO1”: 宏重定义
                 g:\myporject\upperlevelsoft\upperlevelsoft\resource.h(71) : 参见“IDC_RADIO1”的前一个定义
     1>g:\myporject\upperlevelsoft\upperlevelsoft\pmac\include\resource.h(420): warning C4005: “IDC_RADIO2”: 宏重定义
                 g:\myporject\upperlevelsoft\upperlevelsoft\resource.h(30) : 参见“IDC_RADIO2”的前一个定义
     1>g:\myporject\upperlevelsoft\upperlevelsoft\pmac\include\resource.h(423): warning C4005: “IDC_RADIO3”: 宏重定义
                 g:\myporject\upperlevelsoft\upperlevelsoft\resource.h(31) : 参见“IDC_RADIO3”的前一个定义
     1>g:\myporject\upperlevelsoft\upperlevelsoft\pmac\include\resource.h(493): warning C4005: “IDC_RADIO4”: 宏重定义
                 g:\myporject\upperlevelsoft\upperlevelsoft\resource.h(29) : 参见“IDC_RADIO4”的前一个定义
     1>g:\myporject\upperlevelsoft\upperlevelsoft\pmac\include\pmacsock.h : warning C4819: 该文件包含不能在当前代码页(936)中表示的字符。请将该文件保存为 Unicode 格式以防止数据丢失
     1>g:\myporject\upperlevelsoft\upperlevelsoft\downparmvalue.h(122): warning C4244: “参数”: 从“double”转换到“float”，可能丢失数据
     1>g:\myporject\upperlevelsoft\upperlevelsoft\downparmvalue.h(122): warning C4244: “参数”: 从“double”转换到“float”，可能丢失数据
     1>g:\myporject\upperlevelsoft\upperlevelsoft\downparmvalue.h(196): warning C4244: “参数”: 从“float”转换到“int”，可能丢失数据
     1>g:\myporject\upperlevelsoft\upperlevelsoft\cncomm\cncomm.h(390): warning C4996: 'strcpy': This function or variable may be unsafe. Consider using strcpy_s instead. To disable deprecation, use _CRT_SECURE_NO_WARNINGS. See online help for details.
                 e:\program files (x86)\microsoft visual studio 10.0\vc\include\string.h(105) : 参见“strcpy”的声明
     1>g:\myporject\upperlevelsoft\upperlevelsoft\cncomm\cncomm.h(581): warning C4996: '_vsnprintf': This function or variable may be unsafe. Consider using _vsnprintf_s instead. To disable deprecation, use _CRT_SECURE_NO_WARNINGS. See online help for details.
                 e:\program files (x86)\microsoft visual studio 10.0\vc\include\stdio.h(363) : 参见“_vsnprintf”的声明
     1>g:\myporject\upperlevelsoft\upperlevelsoft\cncomm\cncomm.h(591): warning C4996: '_vsnwprintf': This function or variable may be unsafe. Consider using _vsnwprintf_s instead. To disable deprecation, use _CRT_SECURE_NO_WARNINGS. See online help for details.
                 e:\program files (x86)\microsoft visual studio 10.0\vc\include\stdio.h(488) : 参见“_vsnwprintf”的声明
     1>g:\myporject\upperlevelsoft\upperlevelsoft\cncomm\cncomm.h(601): warning C4996: 'vsprintf': This function or variable may be unsafe. Consider using vsprintf_s instead. To disable deprecation, use _CRT_SECURE_NO_WARNINGS. See online help for details.
                 e:\program files (x86)\microsoft visual studio 10.0\vc\include\stdio.h(371) : 参见“vsprintf”的声明
     1>g:\myporject\upperlevelsoft\upperlevelsoft\cncomm\cncomm.h(611): warning C4996: 'vswprintf': swprintf has been changed to conform with the ISO C standard, adding an extra character count parameter. To use traditional Microsoft swprintf, set _CRT_NON_CONFORMING_SWPRINTFS.
                 e:\program files (x86)\microsoft visual studio 10.0\vc\include\swprintf.inl(97) : 参见“vswprintf”的声明
     1>g:\myporject\upperlevelsoft\upperlevelsoft\cncomm\cncomm.h(1485): warning C4996: 'strcpy': This function or variable may be unsafe. Consider using strcpy_s instead. To disable deprecation, use _CRT_SECURE_NO_WARNINGS. See online help for details.
                 e:\program files (x86)\microsoft visual studio 10.0\vc\include\string.h(105) : 参见“strcpy”的声明
     1>g:\myporject\upperlevelsoft\upperlevelsoft\cncomm\cncomm.h(1491): warning C4996: '_snprintf': This function or variable may be unsafe. Consider using _snprintf_s instead. To disable deprecation, use _CRT_SECURE_NO_WARNINGS. See online help for details.
                 e:\program files (x86)\microsoft visual studio 10.0\vc\include\stdio.h(363) : 参见“_snprintf”的声明
     1>g:\myporject\upperlevelsoft\upperlevelsoft\upperlevelsoftdlg.h(198): warning C4244: “=”: 从“double”转换到“LONG”，可能丢失数据
     1>g:\myporject\upperlevelsoft\upperlevelsoft\upperlevelsoftdlg.h(199): warning C4244: “=”: 从“double”转换到“LONG”，可能丢失数据
     1>g:\myporject\upperlevelsoft\upperlevelsoft\upperlevelsoftdlg.cpp(333): warning C4002: “_T”宏的实参太多
     1>g:\myporject\upperlevelsoft\upperlevelsoft\upperlevelsoftdlg.cpp(368): warning C4244: “=”: 从“float”转换到“unsigned int”，可能丢失数据
     1>g:\myporject\upperlevelsoft\upperlevelsoft\upperlevelsoftdlg.cpp(369): warning C4244: “=”: 从“float”转换到“unsigned int”，可能丢失数据
     1>g:\myporject\upperlevelsoft\upperlevelsoft\upperlevelsoftdlg.cpp(539): warning C4002: “_T”宏的实参太多
     1>g:\myporject\upperlevelsoft\upperlevelsoft\upperlevelsoftdlg.cpp(602): warning C4018: “<”: 有符号/无符号不匹配
     1>g:\myporject\upperlevelsoft\upperlevelsoft\upperlevelsoftdlg.cpp(777): warning C4996: 'fopen': This function or variable may be unsafe. Consider using fopen_s instead. To disable deprecation, use _CRT_SECURE_NO_WARNINGS. See online help for details.
                 e:\program files (x86)\microsoft visual studio 10.0\vc\include\stdio.h(234) : 参见“fopen”的声明
     1>g:\myporject\upperlevelsoft\upperlevelsoft\upperlevelsoftdlg.cpp(792): warning C4244: “=”: 从“double”转换到“float”，可能丢失数据
     1>g:\myporject\upperlevelsoft\upperlevelsoft\upperlevelsoftdlg.cpp(793): warning C4244: “=”: 从“double”转换到“float”，可能丢失数据
     1>g:\myporject\upperlevelsoft\upperlevelsoft\upperlevelsoftdlg.cpp(794): warning C4800: “int”: 将值强制为布尔值“true”或“false”(性能警告)
     1>g:\myporject\upperlevelsoft\upperlevelsoft\upperlevelsoftdlg.cpp(795): warning C4244: “=”: 从“double”转换到“float”，可能丢失数据
     1>g:\myporject\upperlevelsoft\upperlevelsoft\upperlevelsoftdlg.cpp(796): warning C4244: “=”: 从“double”转换到“float”，可能丢失数据
     1>g:\myporject\upperlevelsoft\upperlevelsoft\upperlevelsoftdlg.cpp(797): warning C4800: “int”: 将值强制为布尔值“true”或“false”(性能警告)
     1>g:\myporject\upperlevelsoft\upperlevelsoft\upperlevelsoftdlg.cpp(783): warning C4101: “gcClientIP”: 未引用的局部变量
     1>g:\myporject\upperlevelsoft\upperlevelsoft\upperlevelsoftdlg.cpp(994): warning C4996: 'sprintf': This function or variable may be unsafe. Consider using sprintf_s instead. To disable deprecation, use _CRT_SECURE_NO_WARNINGS. See online help for details.
                 e:\program files (x86)\microsoft visual studio 10.0\vc\include\stdio.h(371) : 参见“sprintf”的声明
     1>g:\myporject\upperlevelsoft\upperlevelsoft\upperlevelsoftdlg.cpp(1109): warning C4244: “参数”: 从“float”转换到“int”，可能丢失数据
     1>g:\myporject\upperlevelsoft\upperlevelsoft\upperlevelsoftdlg.cpp(1149): warning C4996: 'fopen': This function or variable may be unsafe. Consider using fopen_s instead. To disable deprecation, use _CRT_SECURE_NO_WARNINGS. See online help for details.
                 e:\program files (x86)\microsoft visual studio 10.0\vc\include\stdio.h(234) : 参见“fopen”的声明
     1>g:\myporject\upperlevelsoft\upperlevelsoft\upperlevelsoftdlg.cpp(1313): warning C4244: “参数”: 从“float”转换到“unsigned int”，可能丢失数据
     1>g:\myporject\upperlevelsoft\upperlevelsoft\upperlevelsoftdlg.cpp(1313): warning C4244: “参数”: 从“float”转换到“int”，可能丢失数据
     1>g:\myporject\upperlevelsoft\upperlevelsoft\upperlevelsoftdlg.cpp(1321): warning C4244: “=”: 从“float”转换到“unsigned int”，可能丢失数据
     1>g:\myporject\upperlevelsoft\upperlevelsoft\upperlevelsoftdlg.cpp(1323): warning C4244: “=”: 从“float”转换到“unsigned int”，可能丢失数据
     1>g:\myporject\upperlevelsoft\upperlevelsoft\upperlevelsoftdlg.cpp(1452): warning C4996: 'sprintf': This function or variable may be unsafe. Consider using sprintf_s instead. To disable deprecation, use _CRT_SECURE_NO_WARNINGS. See online help for details.
                 e:\program files (x86)\microsoft visual studio 10.0\vc\include\stdio.h(371) : 参见“sprintf”的声明
     1>g:\myporject\upperlevelsoft\upperlevelsoft\upperlevelsoftdlg.cpp(1466): warning C4996: 'sprintf': This function or variable may be unsafe. Consider using sprintf_s instead. To disable deprecation, use _CRT_SECURE_NO_WARNINGS. See online help for details.
                 e:\program files (x86)\microsoft visual studio 10.0\vc\include\stdio.h(371) : 参见“sprintf”的声明
     1>g:\myporject\upperlevelsoft\upperlevelsoft\upperlevelsoftdlg.cpp(1481): warning C4996: 'sprintf': This function or variable may be unsafe. Consider using sprintf_s instead. To disable deprecation, use _CRT_SECURE_NO_WARNINGS. See online help for details.
                 e:\program files (x86)\microsoft visual studio 10.0\vc\include\stdio.h(371) : 参见“sprintf”的声明
     1>g:\myporject\upperlevelsoft\upperlevelsoft\upperlevelsoftdlg.cpp(1496): warning C4996: 'sprintf': This function or variable may be unsafe. Consider using sprintf_s instead. To disable deprecation, use _CRT_SECURE_NO_WARNINGS. See online help for details.
                 e:\program files (x86)\microsoft visual studio 10.0\vc\include\stdio.h(371) : 参见“sprintf”的声明
     1>g:\myporject\upperlevelsoft\upperlevelsoft\upperlevelsoftdlg.cpp(1510): warning C4996: 'sprintf': This function or variable may be unsafe. Consider using sprintf_s instead. To disable deprecation, use _CRT_SECURE_NO_WARNINGS. See online help for details.
                 e:\program files (x86)\microsoft visual studio 10.0\vc\include\stdio.h(371) : 参见“sprintf”的声明
     1>g:\myporject\upperlevelsoft\upperlevelsoft\upperlevelsoftdlg.cpp(1524): warning C4996: 'sprintf': This function or variable may be unsafe. Consider using sprintf_s instead. To disable deprecation, use _CRT_SECURE_NO_WARNINGS. See online help for details.
                 e:\program files (x86)\microsoft visual studio 10.0\vc\include\stdio.h(371) : 参见“sprintf”的声明
     1>g:\myporject\upperlevelsoft\upperlevelsoft\upperlevelsoftdlg.cpp(1538): warning C4996: 'sprintf': This function or variable may be unsafe. Consider using sprintf_s instead. To disable deprecation, use _CRT_SECURE_NO_WARNINGS. See online help for details.
                 e:\program files (x86)\microsoft visual studio 10.0\vc\include\stdio.h(371) : 参见“sprintf”的声明
     1>g:\myporject\upperlevelsoft\upperlevelsoft\upperlevelsoftdlg.cpp(1539): warning C4996: 'sprintf': This function or variable may be unsafe. Consider using sprintf_s instead. To disable deprecation, use _CRT_SECURE_NO_WARNINGS. See online help for details.
                 e:\program files (x86)\microsoft visual studio 10.0\vc\include\stdio.h(371) : 参见“sprintf”的声明
     1>g:\myporject\upperlevelsoft\upperlevelsoft\upperlevelsoftdlg.cpp(1567): warning C4996: 'sprintf': This function or variable may be unsafe. Consider using sprintf_s instead. To disable deprecation, use _CRT_SECURE_NO_WARNINGS. See online help for details.
                 e:\program files (x86)\microsoft visual studio 10.0\vc\include\stdio.h(371) : 参见“sprintf”的声明
     1>g:\myporject\upperlevelsoft\upperlevelsoft\upperlevelsoftdlg.cpp(1581): warning C4996: 'sprintf': This function or variable may be unsafe. Consider using sprintf_s instead. To disable deprecation, use _CRT_SECURE_NO_WARNINGS. See online help for details.
                 e:\program files (x86)\microsoft visual studio 10.0\vc\include\stdio.h(371) : 参见“sprintf”的声明
     1>g:\myporject\upperlevelsoft\upperlevelsoft\upperlevelsoftdlg.cpp(1595): warning C4996: 'sprintf': This function or variable may be unsafe. Consider using sprintf_s instead. To disable deprecation, use _CRT_SECURE_NO_WARNINGS. See online help for details.
                 e:\program files (x86)\microsoft visual studio 10.0\vc\include\stdio.h(371) : 参见“sprintf”的声明
     1>g:\myporject\upperlevelsoft\upperlevelsoft\upperlevelsoftdlg.cpp(1609): warning C4996: 'sprintf': This function or variable may be unsafe. Consider using sprintf_s instead. To disable deprecation, use _CRT_SECURE_NO_WARNINGS. See online help for details.
                 e:\program files (x86)\microsoft visual studio 10.0\vc\include\stdio.h(371) : 参见“sprintf”的声明
     1>g:\myporject\upperlevelsoft\upperlevelsoft\upperlevelsoftdlg.cpp(1625): warning C4996: 'sprintf': This function or variable may be unsafe. Consider using sprintf_s instead. To disable deprecation, use _CRT_SECURE_NO_WARNINGS. See online help for details.
                 e:\program files (x86)\microsoft visual studio 10.0\vc\include\stdio.h(371) : 参见“sprintf”的声明
     1>g:\myporject\upperlevelsoft\upperlevelsoft\upperlevelsoftdlg.cpp(1638): warning C4996: 'sprintf': This function or variable may be unsafe. Consider using sprintf_s instead. To disable deprecation, use _CRT_SECURE_NO_WARNINGS. See online help for details.
                 e:\program files (x86)\microsoft visual studio 10.0\vc\include\stdio.h(371) : 参见“sprintf”的声明
     1>g:\myporject\upperlevelsoft\upperlevelsoft\upperlevelsoftdlg.cpp(1720): warning C4244: “初始化”: 从“double”转换到“float”，可能丢失数据
     1>g:\myporject\upperlevelsoft\upperlevelsoft\upperlevelsoftdlg.cpp(1758): warning C4244: “初始化”: 从“double”转换到“float”，可能丢失数据
     1>g:\myporject\upperlevelsoft\upperlevelsoft\upperlevelsoftdlg.cpp(1781): warning C4244: “初始化”: 从“double”转换到“float”，可能丢失数据
     1>g:\myporject\upperlevelsoft\upperlevelsoft\upperlevelsoftdlg.cpp(1804): warning C4244: “初始化”: 从“double”转换到“float”，可能丢失数据
     1>g:\myporject\upperlevelsoft\upperlevelsoft\upperlevelsoftdlg.cpp(1819): warning C4244: “初始化”: 从“double”转换到“float”，可能丢失数据
     1>g:\myporject\upperlevelsoft\upperlevelsoft\resultadapter.h(1725): warning C4244: “参数”: 从“int”转换到“float”，可能丢失数据
                 g:\myporject\upperlevelsoft\upperlevelsoft\resultadapter.h(1711): 编译类 模板 成员函数“void CResultAdapter<RecResType,PaintCellType>::ExtendMotionRangeForInsertedNullCell(void)”时
                 with
                 [
                     RecResType=CRecognizePicture,
                     PaintCellType=CPaintCell
                 ]
                 g:\myporject\upperlevelsoft\upperlevelsoft\upperlevelsoftdlg.h(104): 参见对正在编译的类 模板 实例化“CResultAdapter<RecResType,PaintCellType>”的引用
                 with
                 [
                     RecResType=CRecognizePicture,
                     PaintCellType=CPaintCell
                 ]
     1>g:\myporject\upperlevelsoft\upperlevelsoft\resultadapter.h(1731): warning C4244: “参数”: 从“int”转换到“float”，可能丢失数据
     1>g:\myporject\upperlevelsoft\upperlevelsoft\resultadapter.h(1737): warning C4244: “参数”: 从“int”转换到“float”，可能丢失数据
     1>g:\myporject\upperlevelsoft\upperlevelsoft\resultadapter.h(316): warning C4244: “参数”: 从“long”转换到“float”，可能丢失数据
                 g:\myporject\upperlevelsoft\upperlevelsoft\resultadapter.h(315): 编译类 模板 成员函数“void MotionParmAdapter<RecResType>::SetCellSizeReal(void)”时
                 with
                 [
                     RecResType=CRecognizePicture
                 ]
                 g:\myporject\upperlevelsoft\upperlevelsoft\resultadapter.h(1630): 参见对正在编译的类 模板 实例化“MotionParmAdapter<RecResType>”的引用
                 with
                 [
                     RecResType=CRecognizePicture
                 ]
     1>g:\myporject\upperlevelsoft\upperlevelsoft\resultadapter.h(317): warning C4244: “参数”: 从“long”转换到“float”，可能丢失数据
     1>g:\myporject\upperlevelsoft\upperlevelsoft\resultadapter.h(1100): warning C4244: “参数”: 从“long”转换到“float”，可能丢失数据
                 g:\myporject\upperlevelsoft\upperlevelsoft\resultadapter.h(1099): 编译类 模板 成员函数“CPLC_Parm_Adapter<RecResType,PaintCellType>::PLC_Parm_It_TYPE CPLC_Parm_ComplexType_Adapter<RecResType,PaintCellType>::ExportComplexPLC_ParmVec(int)”时
                 with
                 [
                     RecResType=CRecognizePicture,
                     PaintCellType=CPaintCell
                 ]
                 g:\myporject\upperlevelsoft\upperlevelsoft\resultadapter.h(1631): 参见对正在编译的类 模板 实例化“CPLC_Parm_ComplexType_Adapter<RecResType,PaintCellType>”的引用
                 with
                 [
                     RecResType=CRecognizePicture,
                     PaintCellType=CPaintCell
                 ]
     1>g:\myporject\upperlevelsoft\upperlevelsoft\resultadapter.h(1100): warning C4244: “参数”: 从“float”转换到“unsigned int”，可能丢失数据
     1>g:\myporject\upperlevelsoft\upperlevelsoft\resultadapter.h(1158): warning C4244: “参数”: 从“long”转换到“float”，可能丢失数据
                 g:\myporject\upperlevelsoft\upperlevelsoft\resultadapter.h(1155): 编译类 模板 成员函数“bool CPLC_Parm_ComplexType_Adapter<RecResType,PaintCellType>::CalculateAllPossibleStateChangeCoordinate(void)”时
                 with
                 [
                     RecResType=CRecognizePicture,
                     PaintCellType=CPaintCell
                 ]
     1>g:\myporject\upperlevelsoft\upperlevelsoft\resultadapter.h(432): warning C4244: “参数”: 从“unsigned int”转换到“const float”，可能丢失数据
                 g:\myporject\upperlevelsoft\upperlevelsoft\resultadapter.h(420): 编译类 模板 成员函数“MotionParmAdapter<RecResType>::Parm_It_TYPE MotionParmAdapter<RecResType>::QueryParmVec(int,float,float,bool)”时
                 with
                 [
                     RecResType=CRecognizePicture
                 ]
     1>g:\myporject\upperlevelsoft\upperlevelsoft\resultadapter.h(434): warning C4244: “参数”: 从“unsigned int”转换到“float”，可能丢失数据
     1>g:\myporject\upperlevelsoft\upperlevelsoft\resultadapter.h(434): warning C4244: “=”: 从“float”转换到“unsigned int”，可能丢失数据
     1>g:\myporject\upperlevelsoft\upperlevelsoft\resultadapter.h(435): warning C4244: “参数”: 从“unsigned int”转换到“const float”，可能丢失数据
     1>g:\myporject\upperlevelsoft\upperlevelsoft\resultadapter.h(436): warning C4244: “参数”: 从“unsigned int”转换到“const float”，可能丢失数据
     1>g:\myporject\upperlevelsoft\upperlevelsoft\resultadapter.h(439): warning C4244: “参数”: 从“unsigned int”转换到“float”，可能丢失数据
     1>g:\myporject\upperlevelsoft\upperlevelsoft\resultadapter.h(439): warning C4244: “=”: 从“float”转换到“unsigned int”，可能丢失数据
     1>g:\myporject\upperlevelsoft\upperlevelsoft\resultadapter.h(440): warning C4244: “参数”: 从“unsigned int”转换到“const float”，可能丢失数据
     1>g:\myporject\upperlevelsoft\upperlevelsoft\resultadapter.h(441): warning C4244: “参数”: 从“unsigned int”转换到“const float”，可能丢失数据
     1>g:\myporject\upperlevelsoft\upperlevelsoft\resultadapter.h(464): warning C4244: “参数”: 从“unsigned int”转换到“const float”，可能丢失数据
                 g:\myporject\upperlevelsoft\upperlevelsoft\resultadapter.h(462): 编译类 模板 成员函数“MotionParmAdapter<RecResType>::Parm_It_TYPE MotionParmAdapter<RecResType>::Formheader(unsigned int,float,float,float)”时
                 with
                 [
                     RecResType=CRecognizePicture
                 ]
     1>g:\myporject\upperlevelsoft\upperlevelsoft\resultadapter.h(477): warning C4018: “<”: 有符号/无符号不匹配
                 g:\myporject\upperlevelsoft\upperlevelsoft\resultadapter.h(475): 编译类 模板 成员函数“MotionParmAdapter<RecResType>::Parm_It_TYPE MotionParmAdapter<RecResType>::QueryAllRegParmVec(float)”时
                 with
                 [
                     RecResType=CRecognizePicture
                 ]
     1>g:\myporject\upperlevelsoft\upperlevelsoft\resultadapter.h(1420): warning C4018: “<”: 有符号/无符号不匹配
                 g:\myporject\upperlevelsoft\upperlevelsoft\resultadapter.h(1417): 编译类 模板 成员函数“CPLC_Parm_Adapter<RecResType,PaintCellType>::PLC_Parm_It_TYPE CPLC_Parm_ComplexType_Adapter<RecResType,PaintCellType>::QueryAllRegComplexParmVec(void)”时
                 with
                 [
                     RecResType=CRecognizePicture,
                     PaintCellType=CPaintCell
                 ]
     1>g:\myporject\upperlevelsoft\upperlevelsoft\resultadapter.h(1308): warning C4244: “初始化”: 从“float”转换到“unsigned int”，可能丢失数据
                 g:\myporject\upperlevelsoft\upperlevelsoft\resultadapter.h(1290): 编译类 模板 成员函数“CPLC_Parm_Adapter<RecResType,PaintCellType>::PLC_Parm_It_TYPE CPLC_Parm_ComplexType_Adapter<RecResType,PaintCellType>::CheckStatusInRowOfParmVec_Fix(CPLC_Parm_Adapter<RecResType,PaintCellType>::PLC_Parm_It_TYPE,unsigned int,bool)”时
                 with
                 [
                     RecResType=CRecognizePicture,
                     PaintCellType=CPaintCell
                 ]
     1>g:\myporject\upperlevelsoft\upperlevelsoft\resultadapter.h(1310): warning C4018: “<”: 有符号/无符号不匹配
     1>g:\myporject\upperlevelsoft\upperlevelsoft\resultadapter.h(1321): warning C4018: “<”: 有符号/无符号不匹配
     1>g:\myporject\upperlevelsoft\upperlevelsoft\resultadapter.h(1474): warning C4244: “初始化”: 从“float”转换到“int”，可能丢失数据
                 g:\myporject\upperlevelsoft\upperlevelsoft\resultadapter.h(1438): 编译类 模板 成员函数“void CPLC_Parm_ComplexType_Adapter<RecResType,PaintCellType>::CheckGunStatus(CPLC_Parm_Adapter<RecResType,PaintCellType>::PLC_Parm_It_TYPE,unsigned int,bool,std::_Vector_iterator<_Myvec>,unsigned int,const bool,const unsigned int)”时
                 with
                 [
                     RecResType=CRecognizePicture,
                     PaintCellType=CPaintCell,
                     _Myvec=std::_Vector_val<float,std::allocator<float>>
                 ]
     1>g:\myporject\upperlevelsoft\upperlevelsoft\resultadapter.h(1476): warning C4018: “<=”: 有符号/无符号不匹配
     1>g:\myporject\upperlevelsoft\upperlevelsoft\resultadapter.h(630): warning C4101: “EndY”: 未引用的局部变量
                 g:\myporject\upperlevelsoft\upperlevelsoft\resultadapter.h(628): 编译类 模板 成员函数“void CPLC_Parm_Adapter<RecResType,PaintCellType>::RecordExactCellToParmVec(int,unsigned int,unsigned int,bool &,long &,bool &)”时
                 with
                 [
                     RecResType=CRecognizePicture,
                     PaintCellType=CPaintCell
                 ]
                 g:\myporject\upperlevelsoft\upperlevelsoft\resultadapter.h(1080): 参见对正在编译的类 模板 实例化“CPLC_Parm_Adapter<RecResType,PaintCellType>”的引用
                 with
                 [
                     RecResType=CRecognizePicture,
                     PaintCellType=CPaintCell
                 ]
     1>g:\myporject\upperlevelsoft\upperlevelsoft\resultadapter.h(866): warning C4101: “CompRow”: 未引用的局部变量
                 g:\myporject\upperlevelsoft\upperlevelsoft\resultadapter.h(859): 编译类 模板 成员函数“int CPLC_Parm_Adapter<RecResType,PaintCellType>::CheckCurRowIfInsertNullColor_FixBlankRow(bool,unsigned int,unsigned int,bool,bool)”时
                 with
                 [
                     RecResType=CRecognizePicture,
                     PaintCellType=CPaintCell
                 ]
     1>g:\myporject\upperlevelsoft\upperlevelsoft\resultadapter.h(953): warning C4244: “初始化”: 从“unsigned int”转换到“const float”，可能丢失数据
                 g:\myporject\upperlevelsoft\upperlevelsoft\resultadapter.h(952): 编译类 模板 成员函数“unsigned int CPLC_Parm_Adapter<RecResType,PaintCellType>::InsertNULLColor(unsigned int,unsigned int,bool)”时
                 with
                 [
                     RecResType=CRecognizePicture,
                     PaintCellType=CPaintCell
                 ]
     1>g:\myporject\upperlevelsoft\upperlevelsoft\resultadapter.h(295): warning C4715: “MotionParmAdapter<CRecognizePicture>::FormatLengthParm”: 不是所有的控件路径都返回值
         E:\Program Files (x86)\Microsoft Visual Studio 10.0\VC\bin\CL.exe /c /ZI /nologo /W3 /WX- /Od /Oy- /D WIN32 /D _WINDOWS /D _DEBUG /D _MBCS /D _AFXDLL /Gm /EHsc /RTC1 /MDd /GS /fp:precise /Zc:wchar_t /Zc:forScope /Fo"Debug\\" /Fd"Debug\vc100.pdb" /Gd /TP /analyze- /errorReport:prompt DownParmValue.cpp
         DownParmValue.cpp
     1>g:\myporject\upperlevelsoft\upperlevelsoft\resultadapter.h(985): warning C4138: 在注释外找到“*/”
     1>g:\myporject\upperlevelsoft\upperlevelsoft\resultadapter.h(1037): warning C4244: “return”: 从“float”转换到“unsigned int”，可能丢失数据
         _WIN32_WINNT not defined. Defaulting to _WIN32_WINNT_MAXVER (see WinSDKVer.h)
     1>g:\myporject\upperlevelsoft\upperlevelsoft\pmac\include\pmacsock.h : warning C4819: 该文件包含不能在当前代码页(936)中表示的字符。请将该文件保存为 Unicode 格式以防止数据丢失
     1>g:\myporject\upperlevelsoft\upperlevelsoft\downparmvalue.h(122): warning C4244: “参数”: 从“double”转换到“float”，可能丢失数据
     1>g:\myporject\upperlevelsoft\upperlevelsoft\downparmvalue.h(122): warning C4244: “参数”: 从“double”转换到“float”，可能丢失数据
     1>g:\myporject\upperlevelsoft\upperlevelsoft\downparmvalue.h(196): warning C4244: “参数”: 从“float”转换到“int”，可能丢失数据
     1>g:\myporject\upperlevelsoft\upperlevelsoft\downparmvalue.cpp(36): warning C4244: “=”: 从“float”转换到“int”，可能丢失数据
     1>g:\myporject\upperlevelsoft\upperlevelsoft\downparmvalue.cpp(38): warning C4244: “=”: 从“float”转换到“int”，可能丢失数据
     1>g:\myporject\upperlevelsoft\upperlevelsoft\downparmvalue.cpp(50): warning C4244: “=”: 从“float”转换到“int”，可能丢失数据
     1>g:\myporject\upperlevelsoft\upperlevelsoft\downparmvalue.cpp(55): warning C4244: “=”: 从“float”转换到“int”，可能丢失数据
     1>g:\myporject\upperlevelsoft\upperlevelsoft\downparmvalue.cpp(60): warning C4244: “=”: 从“float”转换到“int”，可能丢失数据
     1>g:\myporject\upperlevelsoft\upperlevelsoft\downparmvalue.cpp(74): warning C4244: “=”: 从“float”转换到“int”，可能丢失数据
     1>g:\myporject\upperlevelsoft\upperlevelsoft\downparmvalue.cpp(79): warning C4244: “初始化”: 从“float”转换到“int”，可能丢失数据
     1>g:\myporject\upperlevelsoft\upperlevelsoft\downparmvalue.cpp(88): warning C4244: “初始化”: 从“float”转换到“int”，可能丢失数据
     1>g:\myporject\upperlevelsoft\upperlevelsoft\downparmvalue.cpp(252): warning C4244: “初始化”: 从“float”转换到“int”，可能丢失数据
     1>g:\myporject\upperlevelsoft\upperlevelsoft\downparmvalue.cpp(257): warning C4244: “=”: 从“int”转换到“float”，可能丢失数据
     1>g:\myporject\upperlevelsoft\upperlevelsoft\downparmvalue.cpp(270): warning C4244: “=”: 从“float”转换到“int”，可能丢失数据
     1>g:\myporject\upperlevelsoft\upperlevelsoft\downparmvalue.cpp(271): warning C4244: “参数”: 从“int”转换到“float”，可能丢失数据
     1>g:\myporject\upperlevelsoft\upperlevelsoft\downparmvalue.cpp(271): warning C4244: “参数”: 从“int”转换到“float”，可能丢失数据
     1>g:\myporject\upperlevelsoft\upperlevelsoft\downparmvalue.cpp(282): warning C4244: “初始化”: 从“float”转换到“int”，可能丢失数据
     1>g:\myporject\upperlevelsoft\upperlevelsoft\downparmvalue.cpp(321): warning C4244: “=”: 从“double”转换到“int”，可能丢失数据
     1>g:\myporject\upperlevelsoft\upperlevelsoft\downparmvalue.cpp(326): warning C4244: “=”: 从“double”转换到“int”，可能丢失数据
     1>g:\myporject\upperlevelsoft\upperlevelsoft\downparmvalue.cpp(349): warning C4018: “<”: 有符号/无符号不匹配
     1>g:\myporject\upperlevelsoft\upperlevelsoft\downparmvalue.cpp(380): warning C4244: “=”: 从“int”转换到“float”，可能丢失数据
     1>g:\myporject\upperlevelsoft\upperlevelsoft\downparmvalue.cpp(406): warning C4244: “初始化”: 从“float”转换到“int”，可能丢失数据
     1>g:\myporject\upperlevelsoft\upperlevelsoft\downparmvalue.cpp(413): warning C4244: “初始化”: 从“float”转换到“int”，可能丢失数据
     1>g:\myporject\upperlevelsoft\upperlevelsoft\downparmvalue.cpp(421): warning C4244: “初始化”: 从“float”转换到“int”，可能丢失数据
     1>g:\myporject\upperlevelsoft\upperlevelsoft\downparmvalue.cpp(428): warning C4244: “初始化”: 从“float”转换到“int”，可能丢失数据
     1>g:\myporject\upperlevelsoft\upperlevelsoft\downparmvalue.cpp(391): warning C4101: “m_EveryChangedColorPoint”: 未引用的局部变量
     1>g:\myporject\upperlevelsoft\upperlevelsoft\downparmvalue.cpp(441): warning C4244: “=”: 从“double”转换到“float”，可能丢失数据
     1>g:\myporject\upperlevelsoft\upperlevelsoft\downparmvalue.cpp(446): warning C4244: “=”: 从“double”转换到“float”，可能丢失数据
     1>g:\myporject\upperlevelsoft\upperlevelsoft\downparmvalue.cpp(451): warning C4244: “=”: 从“double”转换到“float”，可能丢失数据
     1>g:\myporject\upperlevelsoft\upperlevelsoft\downparmvalue.cpp(626): warning C4996: 'fopen': This function or variable may be unsafe. Consider using fopen_s instead. To disable deprecation, use _CRT_SECURE_NO_WARNINGS. See online help for details.
                 e:\program files (x86)\microsoft visual studio 10.0\vc\include\stdio.h(234) : 参见“fopen”的声明
     1>g:\myporject\upperlevelsoft\upperlevelsoft\downparmvalue.cpp(647): warning C4996: 'sprintf': This function or variable may be unsafe. Consider using sprintf_s instead. To disable deprecation, use _CRT_SECURE_NO_WARNINGS. See online help for details.
                 e:\program files (x86)\microsoft visual studio 10.0\vc\include\stdio.h(371) : 参见“sprintf”的声明
     1>g:\myporject\upperlevelsoft\upperlevelsoft\downparmvalue.cpp(652): warning C4996: 'sprintf': This function or variable may be unsafe. Consider using sprintf_s instead. To disable deprecation, use _CRT_SECURE_NO_WARNINGS. See online help for details.
                 e:\program files (x86)\microsoft visual studio 10.0\vc\include\stdio.h(371) : 参见“sprintf”的声明
     1>g:\myporject\upperlevelsoft\upperlevelsoft\downparmvalue.cpp(659): warning C4996: 'sprintf': This function or variable may be unsafe. Consider using sprintf_s instead. To disable deprecation, use _CRT_SECURE_NO_WARNINGS. See online help for details.
                 e:\program files (x86)\microsoft visual studio 10.0\vc\include\stdio.h(371) : 参见“sprintf”的声明
     1>g:\myporject\upperlevelsoft\upperlevelsoft\downparmvalue.cpp(662): warning C4996: 'sprintf': This function or variable may be unsafe. Consider using sprintf_s instead. To disable deprecation, use _CRT_SECURE_NO_WARNINGS. See online help for details.
                 e:\program files (x86)\microsoft visual studio 10.0\vc\include\stdio.h(371) : 参见“sprintf”的声明
     1>g:\myporject\upperlevelsoft\upperlevelsoft\downparmvalue.cpp(668): warning C4996: 'sprintf': This function or variable may be unsafe. Consider using sprintf_s instead. To disable deprecation, use _CRT_SECURE_NO_WARNINGS. See online help for details.
                 e:\program files (x86)\microsoft visual studio 10.0\vc\include\stdio.h(371) : 参见“sprintf”的声明
     1>g:\myporject\upperlevelsoft\upperlevelsoft\downparmvalue.cpp(639): warning C4101: “y”: 未引用的局部变量
     1>g:\myporject\upperlevelsoft\upperlevelsoft\downparmvalue.cpp(639): warning C4101: “x”: 未引用的局部变量
     1>g:\myporject\upperlevelsoft\upperlevelsoft\downparmvalue.cpp(750): warning C4018: “<”: 有符号/无符号不匹配
     1>g:\myporject\upperlevelsoft\upperlevelsoft\downparmvalue.cpp(757): warning C4018: “<”: 有符号/无符号不匹配
     1>g:\myporject\upperlevelsoft\upperlevelsoft\downparmvalue.cpp(785): warning C4018: “<”: 有符号/无符号不匹配
     1>g:\myporject\upperlevelsoft\upperlevelsoft\downparmvalue.cpp(787): warning C4244: “=”: 从“double”转换到“int”，可能丢失数据
     1>g:\myporject\upperlevelsoft\upperlevelsoft\downparmvalue.cpp(793): warning C4018: “<”: 有符号/无符号不匹配
     1>g:\myporject\upperlevelsoft\upperlevelsoft\downparmvalue.cpp(846): warning C4244: “初始化”: 从“double”转换到“float”，可能丢失数据
     1>g:\myporject\upperlevelsoft\upperlevelsoft\downparmvalue.cpp(847): warning C4244: “初始化”: 从“double”转换到“float”，可能丢失数据
     1>g:\myporject\upperlevelsoft\upperlevelsoft\downparmvalue.cpp(1054): warning C4018: “<”: 有符号/无符号不匹配
     1>g:\myporject\upperlevelsoft\upperlevelsoft\downparmvalue.cpp(1059): warning C4244: “参数”: 从“double”转换到“const float”，可能丢失数据
     1>g:\myporject\upperlevelsoft\upperlevelsoft\downparmvalue.cpp(1060): warning C4244: “参数”: 从“double”转换到“const float”，可能丢失数据
     1>g:\myporject\upperlevelsoft\upperlevelsoft\downparmvalue.cpp(1102): warning C4018: “<”: 有符号/无符号不匹配
     1>g:\myporject\upperlevelsoft\upperlevelsoft\downparmvalue.cpp(1356): warning C4018: “>=”: 有符号/无符号不匹配
     1>g:\myporject\upperlevelsoft\upperlevelsoft\downparmvalue.cpp(1362): warning C4018: “>=”: 有符号/无符号不匹配
     1>g:\myporject\upperlevelsoft\upperlevelsoft\downparmvalue.cpp(1498): warning C4996: 'fopen': This function or variable may be unsafe. Consider using fopen_s instead. To disable deprecation, use _CRT_SECURE_NO_WARNINGS. See online help for details.
                 e:\program files (x86)\microsoft visual studio 10.0\vc\include\stdio.h(234) : 参见“fopen”的声明
     1>g:\myporject\upperlevelsoft\upperlevelsoft\downparmvalue.cpp(1555): warning C4018: “<”: 有符号/无符号不匹配
     1>g:\myporject\upperlevelsoft\upperlevelsoft\downparmvalue.cpp(1600): warning C4018: “<”: 有符号/无符号不匹配
     1>g:\myporject\upperlevelsoft\upperlevelsoft\downparmvalue.cpp(1716): warning C4018: “<”: 有符号/无符号不匹配
     1>g:\myporject\upperlevelsoft\upperlevelsoft\downparmvalue.cpp(1841): warning C4244: “参数”: 从“double”转换到“const float”，可能丢失数据
     1>g:\myporject\upperlevelsoft\upperlevelsoft\downparmvalue.cpp(1850): warning C4244: “参数”: 从“double”转换到“const float”，可能丢失数据
     1>g:\myporject\upperlevelsoft\upperlevelsoft\downparmvalue.cpp(1978): warning C4018: “<”: 有符号/无符号不匹配
     1>e:\program files (x86)\microsoft visual studio 10.0\vc\include\utility(163): warning C4244: “初始化”: 从“double”转换到“const float”，可能丢失数据
                 e:\program files (x86)\microsoft visual studio 10.0\vc\include\utility(247): 参见对正在编译的函数 模板 实例化“std::_Pair_base<_Ty1,_Ty2>::_Pair_base<double&,int&>(_Other1,_Other2)”的引用
                 with
                 [
                     _Ty1=const float,
                     _Ty2=int,
                     _Other1=double &,
                     _Other2=int &
                 ]
                 g:\myporject\upperlevelsoft\upperlevelsoft\downparmvalue.cpp(1061): 参见对正在编译的函数 模板 实例化“std::pair<_Ty1,_Ty2>::pair<double&,int&>(_Other1,_Other2)”的引用
                 with
                 [
                     _Ty1=const float,
                     _Ty2=int,
                     _Other1=double &,
                     _Other2=int &
                 ]
     1>e:\program files (x86)\microsoft visual studio 10.0\vc\include\utility(163): warning C4244: “初始化”: 从“float”转换到“int”，可能丢失数据
                 e:\program files (x86)\microsoft visual studio 10.0\vc\include\utility(195): 参见对正在编译的函数 模板 实例化“std::_Pair_base<_Ty1,_Ty2>::_Pair_base<_Ty1&,float&>(_Other1,_Other2)”的引用
                 with
                 [
                     _Ty1=int,
                     _Ty2=int,
                     _Other1=int &,
                     _Other2=float &
                 ]
                 e:\program files (x86)\microsoft visual studio 10.0\vc\include\algorithm(3720): 参见对正在编译的函数 模板 实例化“std::pair<_Ty1,_Ty2>::pair<int,float>(std::pair<_Ty1,float> &)”的引用
                 with
                 [
                     _Ty1=int,
                     _Ty2=int
                 ]
                 e:\program files (x86)\microsoft visual studio 10.0\vc\include\algorithm(3776): 参见对正在编译的函数 模板 实例化“std::pair<_Ty1,_Ty2> std::_Unguarded_partition<_RanIt,bool(__cdecl *)(const std::pair<int,int> &,const std::pair<int,int> &)>(_RanIt,_RanIt,_Pr)”的引用
                 with
                 [
                     _Ty1=std::pair<int,float> *,
                     _Ty2=std::pair<int,float> *,
                     _RanIt=std::pair<int,float> *,
                     _Pr=bool (__cdecl *)(const std::pair<int,int> &,const std::pair<int,int> &)
                 ]
                 e:\program files (x86)\microsoft visual studio 10.0\vc\include\algorithm(3806): 参见对正在编译的函数 模板 实例化“void std::_Sort<std::pair<_Ty1,_Ty2>*,__w64 int,bool(__cdecl *)(const std::pair<_Ty1,int> &,const std::pair<_Ty1,int> &)>(_RanIt,_RanIt,_Diff,_Pr)”的引用
                 with
                 [
                     _Ty1=int,
                     _Ty2=float,
                     _RanIt=std::pair<int,float> *,
                     _Diff=__w64 int,
                     _Pr=bool (__cdecl *)(const std::pair<int,int> &,const std::pair<int,int> &)
                 ]
                 g:\myporject\upperlevelsoft\upperlevelsoft\downparmvalue.cpp(754): 参见对正在编译的函数 模板 实例化“void std::sort<std::_Vector_iterator<_Myvec>,bool(__cdecl *)(const std::pair<_Ty1,_Ty2> &,const std::pair<_Ty1,_Ty2> &)>(_RanIt,_RanIt,_Pr)”的引用
                 with
                 [
                     _Myvec=std::_Vector_val<std::pair<int,float>,std::allocator<std::pair<int,float>>>,
                     _Ty1=int,
                     _Ty2=int,
                     _RanIt=std::_Vector_iterator<std::_Vector_val<std::pair<int,float>,std::allocator<std::pair<int,float>>>>,
                     _Pr=bool (__cdecl *)(const std::pair<int,int> &,const std::pair<int,int> &)
                 ]
       ResourceCompile:
         所有输出均为最新。
       ManifestResourceCompile:
         所有输出均为最新。
       Link:
         E:\Program Files (x86)\Microsoft Visual Studio 10.0\VC\bin\link.exe /ERRORREPORT:PROMPT /OUT:"G:\MyPorject\UpperLevelSoft\Debug\UpperLevelSoft.exe" /INCREMENTAL /NOLOGO PComm32.lib /MANIFEST /ManifestFile:"Debug\UpperLevelSoft.exe.intermediate.manifest" /MANIFESTUAC:"level='asInvoker' uiAccess='false'" /DEBUG /PDB:"G:\MyPorject\UpperLevelSoft\Debug\UpperLevelSoft.pdb" /SUBSYSTEM:WINDOWS /TLBID:1 /DYNAMICBASE /NXCOMPAT /IMPLIB:"G:\MyPorject\UpperLevelSoft\Debug\UpperLevelSoft.lib" /MACHINE:X86 Debug\UpperLevelSoft.res
         Debug\UpperLevelSoft.exe.embed.manifest.res
         Debug\BackgroundUtil.obj
         Debug\BCMenu.obj
         Debug\BkDialog.obj
         Debug\BtnST.obj
         Debug\CeXDib.obj
         Debug\ShadeButtonST.obj
         Debug\WinXPButtonST.obj
         Debug\DetailSettingDlg.obj
         Debug\DownParmAdjust.obj
         Debug\DownParmValue.obj
         Debug\LowMoniter.obj
         Debug\mscomm.obj
         Debug\PaintCell.obj
         Debug\PaintDlg.obj
         Debug\Parm.obj
         Debug\PlcCommu.obj
         Debug\Pmac.obj
         Debug\Runtime.obj
         Debug\RecognizePicture.obj
         Debug\ResultAdapter.obj
         Debug\SharpRed.obj
         Debug\stdafx.obj
         Debug\UpperLevelSoft.obj
         Debug\UpperLevelSoftDlg.obj
       Manifest:
         C:\Program Files (x86)\Microsoft SDKs\Windows\v7.0A\bin\mt.exe /nologo /verbose /out:"Debug\UpperLevelSoft.exe.embed.manifest" /manifest Debug\UpperLevelSoft.exe.intermediate.manifest "E:\Program Files (x86)\Microsoft Visual Studio 10.0\VC\Include\Manifest\dpiaware.manifest"
         所有输出均为最新。
       LinkEmbedManifest:
         所有输出均为最新。
         UpperLevelSoft.vcxproj -> G:\MyPorject\UpperLevelSoft\Debug\UpperLevelSoft.exe
       FinalizeBuildStatus:
         正在删除文件“Debug\UpperLevelSoft.unsuccessfulbuild”。
         正在对“Debug\UpperLevelSoft.lastbuildstate”执行 Touch 任务。
     1>已完成生成项目“G:\MyPorject\UpperLevelSoft\UpperLevelSoft\UpperLevelSoft.vcxproj”(build 个目标)的操作。

生成成功。

已用时间 00:00:30.46
