C:\USERS\GY\DESKTOP\UPPERLEVELSOFT\DEBUG\UPPERLEVELSOFT.EXE
C:\USERS\GY\DESKTOP\UPPERLEVELSOFT\DEBUG\UPPERLEVELSOFT.ILK
C:\USERS\GY\DESKTOP\UPPERLEVELSOFT\DEBUG\UPPERLEVELSOFT.PDB
C:\USERS\GY\DESKTOP\UPPERLEVELSOFT\UPPERLEVELSOFT\DEBUG\BACKGROUNDUTIL.OBJ
C:\USERS\GY\DESKTOP\UPPERLEVELSOFT\UPPERLEVELSOFT\DEBUG\BCMENU.OBJ
C:\USERS\GY\DESKTOP\UPPERLEVELSOFT\UPPERLEVELSOFT\DEBUG\BKDIALOG.OBJ
C:\USERS\GY\DESKTOP\UPPERLEVELSOFT\UPPERLEVELSOFT\DEBUG\BTNST.OBJ
C:\USERS\GY\DESKTOP\UPPERLEVELSOFT\UPPERLEVELSOFT\DEBUG\CEXDIB.OBJ
C:\USERS\GY\DESKTOP\UPPERLEVELSOFT\UPPERLEVELSOFT\DEBUG\DETAILSETTINGDLG.OBJ
C:\USERS\GY\DESKTOP\UPPERLEVELSOFT\UPPERLEVELSOFT\DEBUG\DOWNPARMVALUE.OBJ
C:\USERS\GY\DESKTOP\UPPERLEVELSOFT\UPPERLEVELSOFT\DEBUG\LOWMONITER.OBJ
C:\USERS\GY\DESKTOP\UPPERLEVELSOFT\UPPERLEVELSOFT\DEBUG\MSCOMM.OBJ
C:\USERS\GY\DESKTOP\UPPERLEVELSOFT\UPPERLEVELSOFT\DEBUG\PAINTCELL.OBJ
C:\USERS\GY\DESKTOP\UPPERLEVELSOFT\UPPERLEVELSOFT\DEBUG\PAINTDLG.OBJ
C:\USERS\GY\DESKTOP\UPPERLEVELSOFT\UPPERLEVELSOFT\DEBUG\PARM.OBJ
C:\USERS\GY\DESKTOP\UPPERLEVELSOFT\UPPERLEVELSOFT\DEBUG\PLCCOMMU.OBJ
C:\USERS\GY\DESKTOP\UPPERLEVELSOFT\UPPERLEVELSOFT\DEBUG\PMAC.OBJ
C:\USERS\GY\DESKTOP\UPPERLEVELSOFT\UPPERLEVELSOFT\DEBUG\RECOGNIZEPICTURE.OBJ
C:\USERS\GY\DESKTOP\UPPERLEVELSOFT\UPPERLEVELSOFT\DEBUG\RESULTADAPTER.OBJ
C:\USERS\GY\DESKTOP\UPPERLEVELSOFT\UPPERLEVELSOFT\DEBUG\RUNTIME.OBJ
C:\USERS\GY\DESKTOP\UPPERLEVELSOFT\UPPERLEVELSOFT\DEBUG\SHADEBUTTONST.OBJ
C:\USERS\GY\DESKTOP\UPPERLEVELSOFT\UPPERLEVELSOFT\DEBUG\SHARPRED.OBJ
C:\USERS\GY\DESKTOP\UPPERLEVELSOFT\UPPERLEVELSOFT\DEBUG\STDAFX.OBJ
C:\USERS\GY\DESKTOP\UPPERLEVELSOFT\UPPERLEVELSOFT\DEBUG\UPPERLEVELSOFT.EXE.EMBED.MANIFEST
C:\USERS\GY\DESKTOP\UPPERLEVELSOFT\UPPERLEVELSOFT\DEBUG\UPPERLEVELSOFT.EXE.EMBED.MANIFEST.RES
C:\USERS\GY\DESKTOP\UPPERLEVELSOFT\UPPERLEVELSOFT\DEBUG\UPPERLEVELSOFT.EXE.INTERMEDIATE.MANIFEST
C:\USERS\GY\DESKTOP\UPPERLEVELSOFT\UPPERLEVELSOFT\DEBUG\UPPERLEVELSOFT.OBJ
C:\USERS\GY\DESKTOP\UPPERLEVELSOFT\UPPERLEVELSOFT\DEBUG\UPPERLEVELSOFT.PCH
C:\USERS\GY\DESKTOP\UPPERLEVELSOFT\UPPERLEVELSOFT\DEBUG\UPPERLEVELSOFT.RES
C:\USERS\GY\DESKTOP\UPPERLEVELSOFT\UPPERLEVELSOFT\DEBUG\UPPERLEVELSOFTDLG.OBJ
C:\USERS\GY\DESKTOP\UPPERLEVELSOFT\UPPERLEVELSOFT\DEBUG\VC100.PDB
C:\USERS\GY\DESKTOP\UPPERLEVELSOFT\UPPERLEVELSOFT\DEBUG\WINXPBUTTONST.OBJ
G:\MYPORJECT\UPPERLEVELSOFT\DEBUG\UPPERLEVELSOFT.EXE
G:\MYPORJECT\UPPERLEVELSOFT\DEBUG\UPPERLEVELSOFT.ILK
G:\MYPORJECT\UPPERLEVELSOFT\DEBUG\UPPERLEVELSOFT.PDB
G:\MYPORJECT\UPPERLEVELSOFT\UPPERLEVELSOFT\DEBUG\BACKGROUNDUTIL.OBJ
G:\MYPORJECT\UPPERLEVELSOFT\UPPERLEVELSOFT\DEBUG\BCMENU.OBJ
G:\MYPORJECT\UPPERLEVELSOFT\UPPERLEVELSOFT\DEBUG\BKDIALOG.OBJ
G:\MYPORJECT\UPPERLEVELSOFT\UPPERLEVELSOFT\DEBUG\BTNST.OBJ
G:\MYPORJECT\UPPERLEVELSOFT\UPPERLEVELSOFT\DEBUG\CEXDIB.OBJ
G:\MyPorject\UpperLevelSoft\UpperLevelSoft\Debug\cl.command.1.tlog
G:\MyPorject\UpperLevelSoft\UpperLevelSoft\Debug\CL.read.1.tlog
G:\MyPorject\UpperLevelSoft\UpperLevelSoft\Debug\CL.write.1.tlog
G:\MYPORJECT\UPPERLEVELSOFT\UPPERLEVELSOFT\DEBUG\DETAILSETTINGDLG.OBJ
G:\MYPORJECT\UPPERLEVELSOFT\UPPERLEVELSOFT\DEBUG\DOWNPARMADJUST.OBJ
G:\MYPORJECT\UPPERLEVELSOFT\UPPERLEVELSOFT\DEBUG\DOWNPARMVALUE.OBJ
G:\MyPorject\UpperLevelSoft\UpperLevelSoft\Debug\link.12232.read.1.tlog
G:\MyPorject\UpperLevelSoft\UpperLevelSoft\Debug\link.12232.write.1.tlog
G:\MyPorject\UpperLevelSoft\UpperLevelSoft\Debug\link.12232-cvtres.read.1.tlog
G:\MyPorject\UpperLevelSoft\UpperLevelSoft\Debug\link.12232-cvtres.write.1.tlog
G:\MyPorject\UpperLevelSoft\UpperLevelSoft\Debug\link.13132.read.1.tlog
G:\MyPorject\UpperLevelSoft\UpperLevelSoft\Debug\link.13132.write.1.tlog
G:\MyPorject\UpperLevelSoft\UpperLevelSoft\Debug\link.13132-cvtres.read.1.tlog
G:\MyPorject\UpperLevelSoft\UpperLevelSoft\Debug\link.13132-cvtres.write.1.tlog
G:\MyPorject\UpperLevelSoft\UpperLevelSoft\Debug\link.14988.read.1.tlog
G:\MyPorject\UpperLevelSoft\UpperLevelSoft\Debug\link.14988.write.1.tlog
G:\MyPorject\UpperLevelSoft\UpperLevelSoft\Debug\link.14988-cvtres.read.1.tlog
G:\MyPorject\UpperLevelSoft\UpperLevelSoft\Debug\link.14988-cvtres.write.1.tlog
G:\MyPorject\UpperLevelSoft\UpperLevelSoft\Debug\link.16116.read.1.tlog
G:\MyPorject\UpperLevelSoft\UpperLevelSoft\Debug\link.16116.write.1.tlog
G:\MyPorject\UpperLevelSoft\UpperLevelSoft\Debug\link.16116-cvtres.read.1.tlog
G:\MyPorject\UpperLevelSoft\UpperLevelSoft\Debug\link.16116-cvtres.write.1.tlog
G:\MyPorject\UpperLevelSoft\UpperLevelSoft\Debug\link.16620.read.1.tlog
G:\MyPorject\UpperLevelSoft\UpperLevelSoft\Debug\link.16620.write.1.tlog
G:\MyPorject\UpperLevelSoft\UpperLevelSoft\Debug\link.16620-cvtres.read.1.tlog
G:\MyPorject\UpperLevelSoft\UpperLevelSoft\Debug\link.16620-cvtres.write.1.tlog
G:\MyPorject\UpperLevelSoft\UpperLevelSoft\Debug\link.16816.read.1.tlog
G:\MyPorject\UpperLevelSoft\UpperLevelSoft\Debug\link.16816.write.1.tlog
G:\MyPorject\UpperLevelSoft\UpperLevelSoft\Debug\link.16816-cvtres.read.1.tlog
G:\MyPorject\UpperLevelSoft\UpperLevelSoft\Debug\link.16816-cvtres.write.1.tlog
G:\MyPorject\UpperLevelSoft\UpperLevelSoft\Debug\link.18172.read.1.tlog
G:\MyPorject\UpperLevelSoft\UpperLevelSoft\Debug\link.18172.write.1.tlog
G:\MyPorject\UpperLevelSoft\UpperLevelSoft\Debug\link.18172-cvtres.read.1.tlog
G:\MyPorject\UpperLevelSoft\UpperLevelSoft\Debug\link.18172-cvtres.write.1.tlog
G:\MyPorject\UpperLevelSoft\UpperLevelSoft\Debug\link.18352.read.1.tlog
G:\MyPorject\UpperLevelSoft\UpperLevelSoft\Debug\link.18352.write.1.tlog
G:\MyPorject\UpperLevelSoft\UpperLevelSoft\Debug\link.18352-cvtres.read.1.tlog
G:\MyPorject\UpperLevelSoft\UpperLevelSoft\Debug\link.18352-cvtres.write.1.tlog
G:\MyPorject\UpperLevelSoft\UpperLevelSoft\Debug\link.19312.read.1.tlog
G:\MyPorject\UpperLevelSoft\UpperLevelSoft\Debug\link.19312.write.1.tlog
G:\MyPorject\UpperLevelSoft\UpperLevelSoft\Debug\link.19312-cvtres.read.1.tlog
G:\MyPorject\UpperLevelSoft\UpperLevelSoft\Debug\link.19312-cvtres.write.1.tlog
G:\MyPorject\UpperLevelSoft\UpperLevelSoft\Debug\link.20172.read.1.tlog
G:\MyPorject\UpperLevelSoft\UpperLevelSoft\Debug\link.20172.write.1.tlog
G:\MyPorject\UpperLevelSoft\UpperLevelSoft\Debug\link.20172-cvtres.read.1.tlog
G:\MyPorject\UpperLevelSoft\UpperLevelSoft\Debug\link.20172-cvtres.write.1.tlog
G:\MyPorject\UpperLevelSoft\UpperLevelSoft\Debug\link.20684.read.1.tlog
G:\MyPorject\UpperLevelSoft\UpperLevelSoft\Debug\link.20684.write.1.tlog
G:\MyPorject\UpperLevelSoft\UpperLevelSoft\Debug\link.20684-cvtres.read.1.tlog
G:\MyPorject\UpperLevelSoft\UpperLevelSoft\Debug\link.20684-cvtres.write.1.tlog
G:\MyPorject\UpperLevelSoft\UpperLevelSoft\Debug\link.2760.read.1.tlog
G:\MyPorject\UpperLevelSoft\UpperLevelSoft\Debug\link.2760.write.1.tlog
G:\MyPorject\UpperLevelSoft\UpperLevelSoft\Debug\link.2760-cvtres.read.1.tlog
G:\MyPorject\UpperLevelSoft\UpperLevelSoft\Debug\link.2760-cvtres.write.1.tlog
G:\MyPorject\UpperLevelSoft\UpperLevelSoft\Debug\link.2824.read.1.tlog
G:\MyPorject\UpperLevelSoft\UpperLevelSoft\Debug\link.2824.write.1.tlog
G:\MyPorject\UpperLevelSoft\UpperLevelSoft\Debug\link.2824-cvtres.read.1.tlog
G:\MyPorject\UpperLevelSoft\UpperLevelSoft\Debug\link.2824-cvtres.write.1.tlog
G:\MyPorject\UpperLevelSoft\UpperLevelSoft\Debug\link.3724.read.1.tlog
G:\MyPorject\UpperLevelSoft\UpperLevelSoft\Debug\link.3724.write.1.tlog
G:\MyPorject\UpperLevelSoft\UpperLevelSoft\Debug\link.3724-cvtres.read.1.tlog
G:\MyPorject\UpperLevelSoft\UpperLevelSoft\Debug\link.3724-cvtres.write.1.tlog
G:\MyPorject\UpperLevelSoft\UpperLevelSoft\Debug\link.57936.read.1.tlog
G:\MyPorject\UpperLevelSoft\UpperLevelSoft\Debug\link.57936.write.1.tlog
G:\MyPorject\UpperLevelSoft\UpperLevelSoft\Debug\link.57936-cvtres.read.1.tlog
G:\MyPorject\UpperLevelSoft\UpperLevelSoft\Debug\link.57936-cvtres.write.1.tlog
G:\MyPorject\UpperLevelSoft\UpperLevelSoft\Debug\link.8488.read.1.tlog
G:\MyPorject\UpperLevelSoft\UpperLevelSoft\Debug\link.8488.write.1.tlog
G:\MyPorject\UpperLevelSoft\UpperLevelSoft\Debug\link.8488-cvtres.read.1.tlog
G:\MyPorject\UpperLevelSoft\UpperLevelSoft\Debug\link.8488-cvtres.write.1.tlog
G:\MyPorject\UpperLevelSoft\UpperLevelSoft\Debug\link.9800.read.1.tlog
G:\MyPorject\UpperLevelSoft\UpperLevelSoft\Debug\link.9800.write.1.tlog
G:\MyPorject\UpperLevelSoft\UpperLevelSoft\Debug\link.9800-cvtres.read.1.tlog
G:\MyPorject\UpperLevelSoft\UpperLevelSoft\Debug\link.9800-cvtres.write.1.tlog
G:\MyPorject\UpperLevelSoft\UpperLevelSoft\Debug\link.command.1.tlog
G:\MyPorject\UpperLevelSoft\UpperLevelSoft\Debug\link.read.1.tlog
G:\MyPorject\UpperLevelSoft\UpperLevelSoft\Debug\link.write.1.tlog
G:\MyPorject\UpperLevelSoft\UpperLevelSoft\Debug\link-cvtres.read.1.tlog
G:\MyPorject\UpperLevelSoft\UpperLevelSoft\Debug\link-cvtres.write.1.tlog
G:\MYPORJECT\UPPERLEVELSOFT\UPPERLEVELSOFT\DEBUG\LOWMONITER.OBJ
G:\MYPORJECT\UPPERLEVELSOFT\UPPERLEVELSOFT\DEBUG\MSCOMM.OBJ
G:\MyPorject\UpperLevelSoft\UpperLevelSoft\Debug\mt.command.1.tlog
G:\MyPorject\UpperLevelSoft\UpperLevelSoft\Debug\mt.read.1.tlog
G:\MyPorject\UpperLevelSoft\UpperLevelSoft\Debug\mt.write.1.tlog
G:\MYPORJECT\UPPERLEVELSOFT\UPPERLEVELSOFT\DEBUG\PAINTCELL.OBJ
G:\MYPORJECT\UPPERLEVELSOFT\UPPERLEVELSOFT\DEBUG\PAINTDLG.OBJ
G:\MYPORJECT\UPPERLEVELSOFT\UPPERLEVELSOFT\DEBUG\PARM.OBJ
G:\MYPORJECT\UPPERLEVELSOFT\UPPERLEVELSOFT\DEBUG\PLCCOMMU.OBJ
G:\MYPORJECT\UPPERLEVELSOFT\UPPERLEVELSOFT\DEBUG\PMAC.OBJ
G:\MyPorject\UpperLevelSoft\UpperLevelSoft\Debug\rc.command.1.tlog
G:\MyPorject\UpperLevelSoft\UpperLevelSoft\Debug\rc.read.1.tlog
G:\MyPorject\UpperLevelSoft\UpperLevelSoft\Debug\rc.write.1.tlog
G:\MYPORJECT\UPPERLEVELSOFT\UPPERLEVELSOFT\DEBUG\RECOGNIZEPICTURE.OBJ
G:\MYPORJECT\UPPERLEVELSOFT\UPPERLEVELSOFT\DEBUG\RESULTADAPTER.OBJ
G:\MYPORJECT\UPPERLEVELSOFT\UPPERLEVELSOFT\DEBUG\RUNTIME.OBJ
G:\MYPORJECT\UPPERLEVELSOFT\UPPERLEVELSOFT\DEBUG\SHADEBUTTONST.OBJ
G:\MYPORJECT\UPPERLEVELSOFT\UPPERLEVELSOFT\DEBUG\SHARPRED.OBJ
G:\MYPORJECT\UPPERLEVELSOFT\UPPERLEVELSOFT\DEBUG\STDAFX.OBJ
G:\MyPorject\UpperLevelSoft\UpperLevelSoft\Debug\UpperLevelSoft.exe.embed.manifest
G:\MYPORJECT\UPPERLEVELSOFT\UPPERLEVELSOFT\DEBUG\UPPERLEVELSOFT.EXE.EMBED.MANIFEST.RES
G:\MYPORJECT\UPPERLEVELSOFT\UPPERLEVELSOFT\DEBUG\UPPERLEVELSOFT.EXE.INTERMEDIATE.MANIFEST
G:\MYPORJECT\UPPERLEVELSOFT\UPPERLEVELSOFT\DEBUG\UPPERLEVELSOFT.OBJ
G:\MYPORJECT\UPPERLEVELSOFT\UPPERLEVELSOFT\DEBUG\UPPERLEVELSOFT.PCH
G:\MYPORJECT\UPPERLEVELSOFT\UPPERLEVELSOFT\DEBUG\UPPERLEVELSOFT.RES
G:\MyPorject\UpperLevelSoft\UpperLevelSoft\Debug\UpperLevelSoft.vcxprojResolveAssemblyReference.cache
G:\MyPorject\UpperLevelSoft\UpperLevelSoft\Debug\UpperLevelSoft.write.1.tlog
G:\MyPorject\UpperLevelSoft\UpperLevelSoft\Debug\UpperLevelSoft_manifest.rc
G:\MYPORJECT\UPPERLEVELSOFT\UPPERLEVELSOFT\DEBUG\UPPERLEVELSOFTDLG.OBJ
G:\MyPorject\UpperLevelSoft\UpperLevelSoft\Debug\vc100.idb
G:\MYPORJECT\UPPERLEVELSOFT\UPPERLEVELSOFT\DEBUG\VC100.PDB
G:\MYPORJECT\UPPERLEVELSOFT\UPPERLEVELSOFT\DEBUG\WINXPBUTTONST.OBJ
G:\我的项目\UPPERLEVELSOFT\DEBUG\UPPERLEVELSOFT.EXE
G:\我的项目\UPPERLEVELSOFT\DEBUG\UPPERLEVELSOFT.ILK
G:\我的项目\UPPERLEVELSOFT\DEBUG\UPPERLEVELSOFT.PDB
G:\我的项目\UPPERLEVELSOFT\UPPERLEVELSOFT\DEBUG\BACKGROUNDUTIL.OBJ
G:\我的项目\UPPERLEVELSOFT\UPPERLEVELSOFT\DEBUG\BCMENU.OBJ
G:\我的项目\UPPERLEVELSOFT\UPPERLEVELSOFT\DEBUG\BKDIALOG.OBJ
G:\我的项目\UPPERLEVELSOFT\UPPERLEVELSOFT\DEBUG\BTNST.OBJ
G:\我的项目\UPPERLEVELSOFT\UPPERLEVELSOFT\DEBUG\CEXDIB.OBJ
G:\我的项目\UPPERLEVELSOFT\UPPERLEVELSOFT\DEBUG\DETAILSETTINGDLG.OBJ
G:\我的项目\UPPERLEVELSOFT\UPPERLEVELSOFT\DEBUG\DOWNPARMADJUST.OBJ
G:\我的项目\UPPERLEVELSOFT\UPPERLEVELSOFT\DEBUG\DOWNPARMVALUE.OBJ
G:\我的项目\UPPERLEVELSOFT\UPPERLEVELSOFT\DEBUG\LOWMONITER.OBJ
G:\我的项目\UPPERLEVELSOFT\UPPERLEVELSOFT\DEBUG\MSCOMM.OBJ
G:\我的项目\UPPERLEVELSOFT\UPPERLEVELSOFT\DEBUG\PAINTCELL.OBJ
G:\我的项目\UPPERLEVELSOFT\UPPERLEVELSOFT\DEBUG\PAINTDLG.OBJ
G:\我的项目\UPPERLEVELSOFT\UPPERLEVELSOFT\DEBUG\PARM.OBJ
G:\我的项目\UPPERLEVELSOFT\UPPERLEVELSOFT\DEBUG\PLCCOMMU.OBJ
G:\我的项目\UPPERLEVELSOFT\UPPERLEVELSOFT\DEBUG\PMAC.OBJ
G:\我的项目\UPPERLEVELSOFT\UPPERLEVELSOFT\DEBUG\RECOGNIZEPICTURE.OBJ
G:\我的项目\UPPERLEVELSOFT\UPPERLEVELSOFT\DEBUG\RESULTADAPTER.OBJ
G:\我的项目\UPPERLEVELSOFT\UPPERLEVELSOFT\DEBUG\RUNTIME.OBJ
G:\我的项目\UPPERLEVELSOFT\UPPERLEVELSOFT\DEBUG\SHADEBUTTONST.OBJ
G:\我的项目\UPPERLEVELSOFT\UPPERLEVELSOFT\DEBUG\SHARPRED.OBJ
G:\我的项目\UPPERLEVELSOFT\UPPERLEVELSOFT\DEBUG\STDAFX.OBJ
G:\我的项目\UPPERLEVELSOFT\UPPERLEVELSOFT\DEBUG\UPPERLEVELSOFT.EXE.EMBED.MANIFEST.RES
G:\我的项目\UPPERLEVELSOFT\UPPERLEVELSOFT\DEBUG\UPPERLEVELSOFT.EXE.INTERMEDIATE.MANIFEST
G:\我的项目\UPPERLEVELSOFT\UPPERLEVELSOFT\DEBUG\UPPERLEVELSOFT.OBJ
G:\我的项目\UPPERLEVELSOFT\UPPERLEVELSOFT\DEBUG\UPPERLEVELSOFT.PCH
G:\我的项目\UPPERLEVELSOFT\UPPERLEVELSOFT\DEBUG\UPPERLEVELSOFT.RES
G:\我的项目\UPPERLEVELSOFT\UPPERLEVELSOFT\DEBUG\UPPERLEVELSOFTDLG.OBJ
G:\我的项目\UPPERLEVELSOFT\UPPERLEVELSOFT\DEBUG\VC100.PDB
G:\我的项目\UPPERLEVELSOFT\UPPERLEVELSOFT\DEBUG\WINXPBUTTONST.OBJ
